NETWORK CONNECT (komplette LOGS)
2. Versuch: PYTHON SERVER 


1. im terminal:-m http.server
	Serving HTTP on 0.0.0.0 port 8000 (http://0.0.0.0:8000/) ...


NETWORK CONNECT  		%% KEINE LOGS ZU SERVER START
around same time stamp 10:33:45.341 : X
http: X
image python3: X
port8000: X

%%%%%%%%%%%%%%%%%%%%%%%%%%%%%%%%%%


2. press on link // browser: (http://0.0.0.0:8000/) %%connect with port8000 
linuxuser@linuxuser-VirtualBox:~$ python3 -m http.server
Serving HTTP on 0.0.0.0 port 8000 (http://0.0.0.0:8000/) ...
127.0.0.1 - - [28/Aug/2022 16:22:28] "GET / HTTP/1.1" 200 -
127.0.0.1 - - [28/Aug/2022 16:22:29] code 404, message File not found
127.0.0.1 - - [28/Aug/2022 16:22:29] "GET /images/branding/googlelogo/1x/googlelogo_white_background_color_272x92dp.png HTTP/1.1" 404 -
127.0.0.1 - - [28/Aug/2022 16:22:29] code 404, message File not found
127.0.0.1 - - [28/Aug/2022 16:22:29] "GET /client_204?&atyp=i&biw=1280&bih=870&ei=_z3IYsHFKZqExc8P3LyaiAw HTTP/1.1" 404 -
127.0.0.1 - - [28/Aug/2022 16:22:29] code 404, message File not found
127.0.0.1 - - [28/Aug/2022 16:22:29] "GET /images/nav_logo229.png HTTP/1.1" 404 -
127.0.0.1 - - [28/Aug/2022 16:22:29] code 404, message File not found
127.0.0.1 - - [28/Aug/2022 16:22:29] "GET /xjs/_/js/k=xjs.hp.en.DuEySVxbyGI.O/am=AOAJAEACIAE/d=1/ed=1/rs=ACT90oGbSsj1VPSIONqDKVjhwuGowmV8QA/m=sb_he,d HTTP/1.1" 404 -
127.0.0.1 - - [28/Aug/2022 16:22:29] code 404, message File not found
127.0.0.1 - - [28/Aug/2022 16:22:29] "GET /images/nav_logo229.png HTTP/1.1" 404 -


NETWORKCONNECT: 
Annahme aus dem letzten meeting: 
 -logs: sourceport 3420; destinationport:8000 -> sieht eher aus wie client anwendung, die als zielport 8000 hat
 - vermutung: wenn es der server selbst ist sollte er als quellport 8000 haben und als zielport 33422
 ? nimmt der python prozess den browser request an und leitet den intern an python weiter ?

Nach 2. Versuch: 

8000 immer im destinationport,33424 immer sourceport

EventId             : 3
Version             : 5
EventType           : NetworkConnect
Computer            : linuxuser-VirtualBox
EventRecordID       : 550075
RuleName            : -
UtcTime             : 2022-08-28 14:22:26.890  
ProcessGuid         : {5ce29752-7a1d-630b-bd8b-a31dd5550000}
ProcessId           : 3583
Image               : /usr/lib/firefox/firefox
User                : linuxuser
Protocol            : tcp
Initiated           : true  		%%indicates whether process initiated TCP connection or not
SourceIsIpv6        : false
SourceIp            : 127.0.0.1
SourceHostname      : -
SourcePort          : 33424
SourcePortName      : -
DestinationIsIpv6   : false
DestinationIp       : 127.0.0.1
DestinationHostname : -
DestinationPort     : 8000
DestinationPortName : -

EventId             : 3
Version             : 5
EventType           : NetworkConnect
Computer            : linuxuser-VirtualBox
EventRecordID       : 550076
RuleName            : -
UtcTime             : 2022-08-28 14:22:26.891
ProcessGuid         : {5ce29752-7699-630b-55a1-6b0000000000}
ProcessId           : 3435
Image               : /usr/bin/python3.8
User                : linuxuser
Protocol            : tcp
Initiated           : false		%%process did NOT initiate TCP connection	
SourceIsIpv6        : false
SourceIp            : 127.0.0.1
SourceHostname      : -
SourcePort          : 33424
SourcePortName      : -
DestinationIsIpv6   : false
DestinationIp       : 127.0.0.1
DestinationHostname : -
DestinationPort     : 8000
DestinationPortName : -
----------------------------------------------------------------------
------------------------------------------ ab hier darauf folgende log einträge
EventId             : 3
Version             : 5
EventType           : NetworkConnect
Computer            : linuxuser-VirtualBox
EventRecordID       : 550077
RuleName            : -
UtcTime             : 2022-08-28 14:22:26.948
ProcessGuid         : {5ce29752-7a1d-630b-bd8b-a31dd5550000}
ProcessId           : 3583
Image               : /usr/lib/firefox/firefox
User                : linuxuser
Protocol            : udp
Initiated           : true
SourceIsIpv6        : false
SourceIp            : 127.0.0.1
SourceHostname      : -
SourcePort          : 46398
SourcePortName      : -
DestinationIsIpv6   : false
DestinationIp       : 127.0.0.53
DestinationHostname : -
DestinationPort     : 53
DestinationPortName : -

EventId             : 3
Version             : 5
EventType           : NetworkConnect
Computer            : linuxuser-VirtualBox
EventRecordID       : 550078
RuleName            : -
UtcTime             : 2022-08-28 14:22:26.949
ProcessGuid         : {5ce29752-61b2-630b-91a3-579723560000}
ProcessId           : 555
Image               : /usr/lib/systemd/systemd-resolved
User                : systemd-resolve
Protocol            : udp
Initiated           : true
SourceIsIpv6        : false
SourceIp            : 10.0.2.15
SourceHostname      : -
SourcePort          : 50677
SourcePortName      : -
DestinationIsIpv6   : false
DestinationIp       : 193.162.153.164
DestinationHostname : -
DestinationPort     : 53
DestinationPortName : -

EventId             : 3
Version             : 5
EventType           : NetworkConnect
Computer            : linuxuser-VirtualBox
EventRecordID       : 550079
RuleName            : -
UtcTime             : 2022-08-28 14:22:26.953
ProcessGuid         : {5ce29752-61b2-630b-91a3-579723560000}
ProcessId           : 555
Image               : /usr/lib/systemd/systemd-resolved
User                : systemd-resolve
Protocol            : udp
Initiated           : true
SourceIsIpv6        : false
SourceIp            : 10.0.2.15
SourceHostname      : -
SourcePort          : 36371
SourcePortName      : -
DestinationIsIpv6   : false
DestinationIp       : 193.162.153.164
DestinationHostname : -
DestinationPort     : 53
DestinationPortName : -

EventId             : 3
Version             : 5
EventType           : NetworkConnect
Computer            : linuxuser-VirtualBox
EventRecordID       : 550080
RuleName            : -
UtcTime             : 2022-08-28 14:22:26.971
ProcessGuid         : {5ce29752-61b2-630b-91a3-579723560000}
ProcessId           : 555
Image               : /usr/lib/systemd/systemd-resolved
User                : systemd-resolve
Protocol            : udp
Initiated           : true
SourceIsIpv6        : false
SourceIp            : 127.0.0.53
SourceHostname      : -
SourcePort          : 53
SourcePortName      : -
DestinationIsIpv6   : false
DestinationIp       : 127.0.0.1
DestinationHostname : -
DestinationPort     : 46398
DestinationPortName : -

%%%%%%%%%%%%%%%%%%%%%%%%%%%%%%%%%%%%%%%%%%%%%%%%%%%%%%%%%%%%%%%%% EventRecordID       : 550081 fehlt

EventId             : 3
Version             : 5
EventType           : NetworkConnect
Computer            : linuxuser-VirtualBox
EventRecordID       : 550082
RuleName            : -
UtcTime             : 2022-08-28 14:22:27.108
ProcessGuid         : {5ce29752-7a1d-630b-bd8b-a31dd5550000}
ProcessId           : 3583
Image               : /usr/lib/firefox/firefox
User                : linuxuser
Protocol            : tcp
Initiated           : true
SourceIsIpv6        : false
SourceIp            : 10.0.2.15
SourceHostname      : -
SourcePort          : 56752
SourcePortName      : -
DestinationIsIpv6   : false
DestinationIp       : 34.107.221.82
DestinationHostname : -
DestinationPort     : 80
DestinationPortName : -
%%%%%%%%%%%%%%%%%%%%%%%%%%%%%%%%%%%%%%%%%%%%%%%%%%%%%%%%%%%%%%%%% EventRecordID       : 550084 fehlt
EventId             : 3
Version             : 5
EventType           : NetworkConnect
Computer            : linuxuser-VirtualBox
EventRecordID       : 550085
RuleName            : -
UtcTime             : 2022-08-28 14:22:27.178
ProcessGuid         : {5ce29752-7a1d-630b-bd8b-a31dd5550000}
ProcessId           : 3583
Image               : /usr/lib/firefox/firefox
User                : linuxuser
Protocol            : udp
Initiated           : true
SourceIsIpv6        : false
SourceIp            : 127.0.0.1
SourceHostname      : -
SourcePort          : 36038
SourcePortName      : -
DestinationIsIpv6   : false
DestinationIp       : 127.0.0.53
DestinationHostname : -
DestinationPort     : 53
DestinationPortName : -

EventId             : 3
Version             : 5
EventType           : NetworkConnect
Computer            : linuxuser-VirtualBox
EventRecordID       : 550086
RuleName            : -
UtcTime             : 2022-08-28 14:22:27.179
ProcessGuid         : {5ce29752-61b2-630b-91a3-579723560000}
ProcessId           : 555
Image               : /usr/lib/systemd/systemd-resolved
User                : systemd-resolve
Protocol            : udp
Initiated           : true
SourceIsIpv6        : false
SourceIp            : 10.0.2.15
SourceHostname      : -
SourcePort          : 48957
SourcePortName      : -
DestinationIsIpv6   : false
DestinationIp       : 193.162.153.164
DestinationHostname : -
DestinationPort     : 53
DestinationPortName : -

EventId             : 3
Version             : 5
EventType           : NetworkConnect
Computer            : linuxuser-VirtualBox
EventRecordID       : 550087
RuleName            : -
UtcTime             : 2022-08-28 14:22:27.180
ProcessGuid         : {5ce29752-61b2-630b-91a3-579723560000}
ProcessId           : 555
Image               : /usr/lib/systemd/systemd-resolved
User                : systemd-resolve
Protocol            : udp
Initiated           : true
SourceIsIpv6        : false
SourceIp            : 10.0.2.15
SourceHostname      : -
SourcePort          : 42376
SourcePortName      : -
DestinationIsIpv6   : false
DestinationIp       : 193.162.153.164
DestinationHostname : -
DestinationPort     : 53
DestinationPortName : -

EventId             : 3
Version             : 5
EventType           : NetworkConnect
Computer            : linuxuser-VirtualBox
EventRecordID       : 550088
RuleName            : -
UtcTime             : 2022-08-28 14:22:27.197
ProcessGuid         : {5ce29752-61b2-630b-91a3-579723560000}
ProcessId           : 555
Image               : /usr/lib/systemd/systemd-resolved
User                : systemd-resolve
Protocol            : udp
Initiated           : true
SourceIsIpv6        : false
SourceIp            : 127.0.0.53
SourceHostname      : -
SourcePort          : 53
SourcePortName      : -
DestinationIsIpv6   : false
DestinationIp       : 127.0.0.1
DestinationHostname : -
DestinationPort     : 36038
DestinationPortName : -

EventId             : 3
Version             : 5
EventType           : NetworkConnect
Computer            : linuxuser-VirtualBox
EventRecordID       : 550089
RuleName            : -
UtcTime             : 2022-08-28 14:22:27.199
ProcessGuid         : {5ce29752-7a1d-630b-bd8b-a31dd5550000}
ProcessId           : 3583
Image               : /usr/lib/firefox/firefox
User                : linuxuser
Protocol            : udp
Initiated           : true
SourceIsIpv6        : false
SourceIp            : 127.0.0.1
SourceHostname      : -
SourcePort          : 35057
SourcePortName      : -
DestinationIsIpv6   : false
DestinationIp       : 127.0.0.53
DestinationHostname : -
DestinationPort     : 53
DestinationPortName : -

EventId             : 3
Version             : 5
EventType           : NetworkConnect
Computer            : linuxuser-VirtualBox
EventRecordID       : 550090
RuleName            : -
UtcTime             : 2022-08-28 14:22:27.199
ProcessGuid         : {5ce29752-61b2-630b-91a3-579723560000}
ProcessId           : 555
Image               : /usr/lib/systemd/systemd-resolved
User                : systemd-resolve
Protocol            : udp
Initiated           : true
SourceIsIpv6        : false
SourceIp            : 10.0.2.15
SourceHostname      : -
SourcePort          : 47542
SourcePortName      : -
DestinationIsIpv6   : false
DestinationIp       : 193.162.153.164
DestinationHostname : -
DestinationPort     : 53
DestinationPortName : -

EventId             : 3
Version             : 5
EventType           : NetworkConnect
Computer            : linuxuser-VirtualBox
EventRecordID       : 550091
RuleName            : -
UtcTime             : 2022-08-28 14:22:27.220
ProcessGuid         : {5ce29752-7a1d-630b-bd8b-a31dd5550000}
ProcessId           : 3583
Image               : /usr/lib/firefox/firefox
User                : linuxuser
Protocol            : tcp
Initiated           : true
SourceIsIpv6        : false
SourceIp            : 10.0.2.15
SourceHostname      : -
SourcePort          : 56754
SourcePortName      : -
DestinationIsIpv6   : false
DestinationIp       : 34.107.221.82
DestinationHostname : -
DestinationPort     : 80
DestinationPortName : -

EventId             : 3
Version             : 5
EventType           : NetworkConnect
Computer            : linuxuser-VirtualBox
EventRecordID       : 550092
RuleName            : -
UtcTime             : 2022-08-28 14:22:27.220
ProcessGuid         : {5ce29752-61b2-630b-91a3-579723560000}
ProcessId           : 555
Image               : /usr/lib/systemd/systemd-resolved
User                : systemd-resolve
Protocol            : udp
Initiated           : true
SourceIsIpv6        : false
SourceIp            : 127.0.0.53
SourceHostname      : -
SourcePort          : 53
SourcePortName      : -
DestinationIsIpv6   : false
DestinationIp       : 127.0.0.1
DestinationHostname : -
DestinationPort     : 35057
DestinationPortName : -

EventId             : 3
Version             : 5
EventType           : NetworkConnect
Computer            : linuxuser-VirtualBox
EventRecordID       : 550093
RuleName            : -
UtcTime             : 2022-08-28 14:22:27.231
ProcessGuid         : {5ce29752-7a1d-630b-bd8b-a31dd5550000}
ProcessId           : 3583
Image               : /usr/lib/firefox/firefox
User                : linuxuser
Protocol            : tcp
Initiated           : true
SourceIsIpv6        : false
SourceIp            : 10.0.2.15
SourceHostname      : -
SourcePort          : 37508
SourcePortName      : -
DestinationIsIpv6   : false
DestinationIp       : 34.117.237.239
DestinationHostname : -
DestinationPort     : 443
DestinationPortName : -

EventId             : 3
Version             : 5
EventType           : NetworkConnect
Computer            : linuxuser-VirtualBox
EventRecordID       : 550094
RuleName            : -
UtcTime             : 2022-08-28 14:22:27.247
ProcessGuid         : {5ce29752-7a1d-630b-bd8b-a31dd5550000}
ProcessId           : 3583
Image               : /usr/lib/firefox/firefox
User                : linuxuser
Protocol            : udp
Initiated           : true
SourceIsIpv6        : false
SourceIp            : 127.0.0.1
SourceHostname      : -
SourcePort          : 45063
SourcePortName      : -
DestinationIsIpv6   : false
DestinationIp       : 127.0.0.53
DestinationHostname : -
DestinationPort     : 53
DestinationPortName : -

EventId             : 3
Version             : 5
EventType           : NetworkConnect
Computer            : linuxuser-VirtualBox
EventRecordID       : 550095
RuleName            : -
UtcTime             : 2022-08-28 14:22:27.247
ProcessGuid         : {5ce29752-61b2-630b-91a3-579723560000}
ProcessId           : 555
Image               : /usr/lib/systemd/systemd-resolved
User                : systemd-resolve
Protocol            : udp
Initiated           : true
SourceIsIpv6        : false
SourceIp            : 127.0.0.53
SourceHostname      : -
SourcePort          : 53
SourcePortName      : -
DestinationIsIpv6   : false
DestinationIp       : 127.0.0.1
DestinationHostname : -
DestinationPort     : 45063
DestinationPortName : -

EventId             : 3
Version             : 5
EventType           : NetworkConnect
Computer            : linuxuser-VirtualBox
EventRecordID       : 550096
RuleName            : -
UtcTime             : 2022-08-28 14:22:27.248
ProcessGuid         : {5ce29752-7a1d-630b-bd8b-a31dd5550000}
ProcessId           : 3583
Image               : /usr/lib/firefox/firefox
User                : linuxuser
Protocol            : udp
Initiated           : true
SourceIsIpv6        : false
SourceIp            : 127.0.0.1
SourceHostname      : -
SourcePort          : 49179
SourcePortName      : -
DestinationIsIpv6   : false
DestinationIp       : 127.0.0.53
DestinationHostname : -
DestinationPort     : 53
DestinationPortName : -

EventId             : 3
Version             : 5
EventType           : NetworkConnect
Computer            : linuxuser-VirtualBox
EventRecordID       : 550097
RuleName            : -
UtcTime             : 2022-08-28 14:22:27.248
ProcessGuid         : {5ce29752-61b2-630b-91a3-579723560000}
ProcessId           : 555
Image               : /usr/lib/systemd/systemd-resolved
User                : systemd-resolve
Protocol            : udp
Initiated           : true
SourceIsIpv6        : false
SourceIp            : 10.0.2.15
SourceHostname      : -
SourcePort          : 54162
SourcePortName      : -
DestinationIsIpv6   : false
DestinationIp       : 193.162.153.164
DestinationHostname : -
DestinationPort     : 53
DestinationPortName : -

EventId             : 3
Version             : 5
EventType           : NetworkConnect
Computer            : linuxuser-VirtualBox
EventRecordID       : 550098
RuleName            : -
UtcTime             : 2022-08-28 14:22:27.249
ProcessGuid         : {5ce29752-7a1d-630b-bd8b-a31dd5550000}
ProcessId           : 3583
Image               : /usr/lib/firefox/firefox
User                : linuxuser
Protocol            : udp
Initiated           : true
SourceIsIpv6        : false
SourceIp            : 127.0.0.1
SourceHostname      : -
SourcePort          : 49077
SourcePortName      : -
DestinationIsIpv6   : false
DestinationIp       : 127.0.0.53
DestinationHostname : -
DestinationPort     : 53
DestinationPortName : -

EventId             : 3
Version             : 5
EventType           : NetworkConnect
Computer            : linuxuser-VirtualBox
EventRecordID       : 550099
RuleName            : -
UtcTime             : 2022-08-28 14:22:27.250
ProcessGuid         : {5ce29752-61b2-630b-91a3-579723560000}
ProcessId           : 555
Image               : /usr/lib/systemd/systemd-resolved
User                : systemd-resolve
Protocol            : udp
Initiated           : true
SourceIsIpv6        : false
SourceIp            : 127.0.0.53
SourceHostname      : -
SourcePort          : 53
SourcePortName      : -
DestinationIsIpv6   : false
DestinationIp       : 127.0.0.1
DestinationHostname : -
DestinationPort     : 49077
DestinationPortName : -

EventId             : 3
Version             : 5
EventType           : NetworkConnect
Computer            : linuxuser-VirtualBox
EventRecordID       : 550100
RuleName            : -
UtcTime             : 2022-08-28 14:22:27.251
ProcessGuid         : {5ce29752-61b2-630b-91a3-579723560000}
ProcessId           : 555
Image               : /usr/lib/systemd/systemd-resolved
User                : systemd-resolve
Protocol            : udp
Initiated           : true
SourceIsIpv6        : false
SourceIp            : 10.0.2.15
SourceHostname      : -
SourcePort          : 34882
SourcePortName      : -
DestinationIsIpv6   : false
DestinationIp       : 193.162.153.164
DestinationHostname : -
DestinationPort     : 53
DestinationPortName : -

EventId             : 3
Version             : 5
EventType           : NetworkConnect
Computer            : linuxuser-VirtualBox
EventRecordID       : 550101
RuleName            : -
UtcTime             : 2022-08-28 14:22:27.252
ProcessGuid         : {5ce29752-7a1d-630b-bd8b-a31dd5550000}
ProcessId           : 3583
Image               : /usr/lib/firefox/firefox
User                : linuxuser
Protocol            : udp
Initiated           : true
SourceIsIpv6        : false
SourceIp            : 127.0.0.1
SourceHostname      : -
SourcePort          : 58548
SourcePortName      : -
DestinationIsIpv6   : false
DestinationIp       : 127.0.0.53
DestinationHostname : -
DestinationPort     : 53
DestinationPortName : -

EventId             : 3
Version             : 5
EventType           : NetworkConnect
Computer            : linuxuser-VirtualBox
EventRecordID       : 550102
RuleName            : -
UtcTime             : 2022-08-28 14:22:27.253
ProcessGuid         : {5ce29752-61b2-630b-91a3-579723560000}
ProcessId           : 555
Image               : /usr/lib/systemd/systemd-resolved
User                : systemd-resolve
Protocol            : udp
Initiated           : true
SourceIsIpv6        : false
SourceIp            : 127.0.0.53
SourceHostname      : -
SourcePort          : 53
SourcePortName      : -
DestinationIsIpv6   : false
DestinationIp       : 127.0.0.1
DestinationHostname : -
DestinationPort     : 58548
DestinationPortName : -

EventId             : 3
Version             : 5
EventType           : NetworkConnect
Computer            : linuxuser-VirtualBox
EventRecordID       : 550103
RuleName            : -
UtcTime             : 2022-08-28 14:22:27.253
ProcessGuid         : {5ce29752-61b2-630b-91a3-579723560000}
ProcessId           : 555
Image               : /usr/lib/systemd/systemd-resolved
User                : systemd-resolve
Protocol            : udp
Initiated           : true
SourceIsIpv6        : false
SourceIp            : 10.0.2.15
SourceHostname      : -
SourcePort          : 38129
SourcePortName      : -
DestinationIsIpv6   : false
DestinationIp       : 193.162.153.164
DestinationHostname : -
DestinationPort     : 53
DestinationPortName : -

EventId             : 3
Version             : 5
EventType           : NetworkConnect
Computer            : linuxuser-VirtualBox
EventRecordID       : 550104
RuleName            : -
UtcTime             : 2022-08-28 14:22:27.264
ProcessGuid         : {5ce29752-61b2-630b-91a3-579723560000}
ProcessId           : 555
Image               : /usr/lib/systemd/systemd-resolved
User                : systemd-resolve
Protocol            : udp
Initiated           : true
SourceIsIpv6        : false
SourceIp            : 127.0.0.53
SourceHostname      : -
SourcePort          : 53
SourcePortName      : -
DestinationIsIpv6   : false
DestinationIp       : 127.0.0.1
DestinationHostname : -
DestinationPort     : 49179
DestinationPortName : -

EventId             : 3
Version             : 5
EventType           : NetworkConnect
Computer            : linuxuser-VirtualBox
EventRecordID       : 550105
RuleName            : -
UtcTime             : 2022-08-28 14:22:27.265
ProcessGuid         : {5ce29752-7a1d-630b-bd8b-a31dd5550000}
ProcessId           : 3583
Image               : /usr/lib/firefox/firefox
User                : linuxuser
Protocol            : udp
Initiated           : false
SourceIsIpv6        : false
SourceIp            : 127.0.0.53
SourceHostname      : -
SourcePort          : 53
SourcePortName      : -
DestinationIsIpv6   : false
DestinationIp       : 127.0.0.1
DestinationHostname : -
DestinationPort     : 49179
DestinationPortName : -
%%%%%%%%%%%%%%%%%%%%%%%%%%%%%%%%%%%%%%%%%%%%%%%%%%%%%%%%%%%%%%%%% EventRecordID       : 550106-08 fehlen
EventId             : 3
Version             : 5
EventType           : NetworkConnect
Computer            : linuxuser-VirtualBox
EventRecordID       : 550109
RuleName            : -
UtcTime             : 2022-08-28 14:22:27.604
ProcessGuid         : {5ce29752-7a1d-630b-bd8b-a31dd5550000}
ProcessId           : 3583
Image               : /usr/lib/firefox/firefox
User                : linuxuser
Protocol            : udp
Initiated           : true
SourceIsIpv6        : false
SourceIp            : 127.0.0.1
SourceHostname      : -
SourcePort          : 58684
SourcePortName      : -
DestinationIsIpv6   : false
DestinationIp       : 127.0.0.53
DestinationHostname : -
DestinationPort     : 53
DestinationPortName : -

EventId             : 3
Version             : 5
EventType           : NetworkConnect
Computer            : linuxuser-VirtualBox
EventRecordID       : 550110
RuleName            : -
UtcTime             : 2022-08-28 14:22:27.604
ProcessGuid         : {5ce29752-61b2-630b-91a3-579723560000}
ProcessId           : 555
Image               : /usr/lib/systemd/systemd-resolved
User                : systemd-resolve
Protocol            : udp
Initiated           : true
SourceIsIpv6        : false
SourceIp            : 10.0.2.15
SourceHostname      : -
SourcePort          : 49758
SourcePortName      : -
DestinationIsIpv6   : false
DestinationIp       : 193.162.153.164
DestinationHostname : -
DestinationPort     : 53
DestinationPortName : -

EventId             : 3
Version             : 5
EventType           : NetworkConnect
Computer            : linuxuser-VirtualBox
EventRecordID       : 550111
RuleName            : -
UtcTime             : 2022-08-28 14:22:27.606
ProcessGuid         : {5ce29752-61b2-630b-91a3-579723560000}
ProcessId           : 555
Image               : /usr/lib/systemd/systemd-resolved
User                : systemd-resolve
Protocol            : udp
Initiated           : true
SourceIsIpv6        : false
SourceIp            : 10.0.2.15
SourceHostname      : -
SourcePort          : 51862
SourcePortName      : -
DestinationIsIpv6   : false
DestinationIp       : 193.162.153.164
DestinationHostname : -
DestinationPort     : 53
DestinationPortName : -

EventId             : 3
Version             : 5
EventType           : NetworkConnect
Computer            : linuxuser-VirtualBox
EventRecordID       : 550112
RuleName            : -
UtcTime             : 2022-08-28 14:22:27.623
ProcessGuid         : {5ce29752-61b2-630b-91a3-579723560000}
ProcessId           : 555
Image               : /usr/lib/systemd/systemd-resolved
User                : systemd-resolve
Protocol            : udp
Initiated           : true
SourceIsIpv6        : false
SourceIp            : 127.0.0.53
SourceHostname      : -
SourcePort          : 53
SourcePortName      : -
DestinationIsIpv6   : false
DestinationIp       : 127.0.0.1
DestinationHostname : -
DestinationPort     : 58684
DestinationPortName : -

EventId             : 3
Version             : 5
EventType           : NetworkConnect
Computer            : linuxuser-VirtualBox
EventRecordID       : 550113
RuleName            : -
UtcTime             : 2022-08-28 14:22:27.627
ProcessGuid         : {5ce29752-7a1d-630b-bd8b-a31dd5550000}
ProcessId           : 3583
Image               : /usr/lib/firefox/firefox
User                : linuxuser
Protocol            : udp
Initiated           : true
SourceIsIpv6        : false
SourceIp            : 127.0.0.1
SourceHostname      : -
SourcePort          : 56584
SourcePortName      : -
DestinationIsIpv6   : false
DestinationIp       : 127.0.0.53
DestinationHostname : -
DestinationPort     : 53
DestinationPortName : -

EventId             : 3
Version             : 5
EventType           : NetworkConnect
Computer            : linuxuser-VirtualBox
EventRecordID       : 550114
RuleName            : -
UtcTime             : 2022-08-28 14:22:27.627
ProcessGuid         : {5ce29752-61b2-630b-91a3-579723560000}
ProcessId           : 555
Image               : /usr/lib/systemd/systemd-resolved
User                : systemd-resolve
Protocol            : udp
Initiated           : true
SourceIsIpv6        : false
SourceIp            : 10.0.2.15
SourceHostname      : -
SourcePort          : 40042
SourcePortName      : -
DestinationIsIpv6   : false
DestinationIp       : 193.162.153.164
DestinationHostname : -
DestinationPort     : 53
DestinationPortName : -

EventId             : 3
Version             : 5
EventType           : NetworkConnect
Computer            : linuxuser-VirtualBox
EventRecordID       : 550115
RuleName            : -
UtcTime             : 2022-08-28 14:22:27.629
ProcessGuid         : {5ce29752-61b2-630b-91a3-579723560000}
ProcessId           : 555
Image               : /usr/lib/systemd/systemd-resolved
User                : systemd-resolve
Protocol            : udp
Initiated           : true
SourceIsIpv6        : false
SourceIp            : 10.0.2.15
SourceHostname      : -
SourcePort          : 44539
SourcePortName      : -
DestinationIsIpv6   : false
DestinationIp       : 193.162.153.164
DestinationHostname : -
DestinationPort     : 53
DestinationPortName : -

EventId             : 3
Version             : 5
EventType           : NetworkConnect
Computer            : linuxuser-VirtualBox
EventRecordID       : 550116
RuleName            : -
UtcTime             : 2022-08-28 14:22:27.648
ProcessGuid         : {5ce29752-7a1d-630b-bd8b-a31dd5550000}
ProcessId           : 3583
Image               : /usr/lib/firefox/firefox
User                : linuxuser
Protocol            : tcp
Initiated           : true
SourceIsIpv6        : false
SourceIp            : 10.0.2.15
SourceHostname      : -
SourcePort          : 37258
SourcePortName      : -
DestinationIsIpv6   : false
DestinationIp       : 95.166.126.161
DestinationHostname : -
DestinationPort     : 80
DestinationPortName : -

EventId             : 3
Version             : 5
EventType           : NetworkConnect
Computer            : linuxuser-VirtualBox
EventRecordID       : 550117
RuleName            : -
UtcTime             : 2022-08-28 14:22:27.650
ProcessGuid         : {5ce29752-61b2-630b-91a3-579723560000}
ProcessId           : 555
Image               : /usr/lib/systemd/systemd-resolved
User                : systemd-resolve
Protocol            : udp
Initiated           : true
SourceIsIpv6        : false
SourceIp            : 127.0.0.53
SourceHostname      : -
SourcePort          : 53
SourcePortName      : -
DestinationIsIpv6   : false
DestinationIp       : 127.0.0.1
DestinationHostname : -
DestinationPort     : 56584
DestinationPortName : -

EventId             : 3
Version             : 5
EventType           : NetworkConnect
Computer            : linuxuser-VirtualBox
EventRecordID       : 550118
RuleName            : -
UtcTime             : 2022-08-28 14:22:27.677
ProcessGuid         : {5ce29752-7a1d-630b-bd8b-a31dd5550000}
ProcessId           : 3583
Image               : /usr/lib/firefox/firefox
User                : linuxuser
Protocol            : tcp
Initiated           : true
SourceIsIpv6        : false
SourceIp            : 10.0.2.15
SourceHostname      : -
SourcePort          : 37306
SourcePortName      : -
DestinationIsIpv6   : false
DestinationIp       : 143.204.237.80
DestinationHostname : -
DestinationPort     : 443
DestinationPortName : -
%%%%%%%%%%%%%%%%%%%%%%%%%%%%%%%%%%%%%%%%%%%%%%%%%%%%%%%%%%%%%%%%% EventRecordID       : 550119-20 fehlen
EventId             : 3
Version             : 5
EventType           : NetworkConnect
Computer            : linuxuser-VirtualBox
EventRecordID       : 550121
RuleName            : -
UtcTime             : 2022-08-28 14:22:28.412
ProcessGuid         : {5ce29752-7a1d-630b-bd8b-a31dd5550000}
ProcessId           : 3583
Image               : /usr/lib/firefox/firefox
User                : linuxuser
Protocol            : tcp
Initiated           : true
SourceIsIpv6        : false
SourceIp            : 127.0.0.1
SourceHostname      : -
SourcePort          : 33426
SourcePortName      : -
DestinationIsIpv6   : false
DestinationIp       : 127.0.0.1
DestinationHostname : -
DestinationPort     : 8000					%%%%%%%%%%%%%%%%%%%%%%%%%%%%%%%%%%%%%%%%%%%%%%%%%
DestinationPortName : -

EventId             : 3
Version             : 5
EventType           : NetworkConnect
Computer            : linuxuser-VirtualBox
EventRecordID       : 550122
RuleName            : -
UtcTime             : 2022-08-28 14:22:28.412
ProcessGuid         : {5ce29752-7699-630b-55a1-6b0000000000}
ProcessId           : 3435
Image               : /usr/bin/python3.8
User                : linuxuser
Protocol            : tcp
Initiated           : false
SourceIsIpv6        : false
SourceIp            : 127.0.0.1
SourceHostname      : -
SourcePort          : 33426
SourcePortName      : -
DestinationIsIpv6   : false
DestinationIp       : 127.0.0.1
DestinationHostname : -
DestinationPort     : 8000					%%%%%%%%%%%%%%%%%%%%%%%%%%%%%%%%%%%%%%%%%%%%%%%%%
DestinationPortName : -
%%%%%%%%%%%%%%%%%%%%%%%%%%%%%%%%%%%%%%%%%%%%%%%%%%%%%%%%%%%%%%%%% EventRecordID       : 550123-24 fehlen
EventId             : 3
Version             : 5
EventType           : NetworkConnect
Computer            : linuxuser-VirtualBox
EventRecordID       : 550125
RuleName            : -
UtcTime             : 2022-08-28 14:22:28.474
ProcessGuid         : {5ce29752-7a1d-630b-bd8b-a31dd5550000}
ProcessId           : 3583
Image               : /usr/lib/firefox/firefox
User                : linuxuser
Protocol            : tcp
Initiated           : true
SourceIsIpv6        : false
SourceIp            : 127.0.0.1
SourceHostname      : -
SourcePort          : 33428
SourcePortName      : -
DestinationIsIpv6   : false
DestinationIp       : 127.0.0.1
DestinationHostname : -
DestinationPort     : 8000					%%%%%%%%%%%%%%%%%%%%%%%%%%%%%%%%%%%%%%%%%%%%%%%%%
DestinationPortName : -

EventId             : 3
Version             : 5
EventType           : NetworkConnect
Computer            : linuxuser-VirtualBox
EventRecordID       : 550126
RuleName            : -
UtcTime             : 2022-08-28 14:22:28.474
ProcessGuid         : {5ce29752-7699-630b-55a1-6b0000000000}
ProcessId           : 3435
Image               : /usr/bin/python3.8
User                : linuxuser
Protocol            : tcp
Initiated           : false
SourceIsIpv6        : false
SourceIp            : 127.0.0.1
SourceHostname      : -
SourcePort          : 33428
SourcePortName      : -
DestinationIsIpv6   : false
DestinationIp       : 127.0.0.1
DestinationHostname : -
DestinationPort     : 8000					%%%%%%%%%%%%%%%%%%%%%%%%%%%%%%%%%%%%%%%%%%%%%%%%%
DestinationPortName : -
%%%%%%%%%%%%%%%%%%%%%%%%%%%%%%%%%%%%%%%%%%%%%%%%%%%%%%%%%%%%%%%%% EventRecordID       : 550127 fehlt
EventId             : 3
Version             : 5
EventType           : NetworkConnect
Computer            : linuxuser-VirtualBox
EventRecordID       : 550128
RuleName            : -
UtcTime             : 2022-08-28 14:22:28.495
ProcessGuid         : {5ce29752-7a1d-630b-bd8b-a31dd5550000}
ProcessId           : 3583
Image               : /usr/lib/firefox/firefox
User                : linuxuser
Protocol            : tcp
Initiated           : true
SourceIsIpv6        : false
SourceIp            : 127.0.0.1
SourceHostname      : -
SourcePort          : 33430
SourcePortName      : -
DestinationIsIpv6   : false
DestinationIp       : 127.0.0.1
DestinationHostname : -
DestinationPort     : 8000					%%%%%%%%%%%%%%%%%%%%%%%%%%%%%%%%%%%%%%%%%%%%%%%%%
DestinationPortName : -

EventId             : 3
Version             : 5
EventType           : NetworkConnect
Computer            : linuxuser-VirtualBox
EventRecordID       : 550129
RuleName            : -
UtcTime             : 2022-08-28 14:22:28.495
ProcessGuid         : {5ce29752-7699-630b-55a1-6b0000000000}
ProcessId           : 3435
Image               : /usr/bin/python3.8
User                : linuxuser
Protocol            : tcp
Initiated           : false
SourceIsIpv6        : false
SourceIp            : 127.0.0.1
SourceHostname      : -
SourcePort          : 33430
SourcePortName      : -
DestinationIsIpv6   : false
DestinationIp       : 127.0.0.1
DestinationHostname : -
DestinationPort     : 8000					%%%%%%%%%%%%%%%%%%%%%%%%%%%%%%%%%%%%%%%%%%%%%%%%%
DestinationPortName : -
%%%%%%%%%%%%%%%%%%%%%%%%%%%%%%%%%%%%%%%%%%%%%%%%%%%%%%%%%%%%%%%%% EventRecordID       : 550130 fehlt
EventId             : 3
Version             : 5
EventType           : NetworkConnect
Computer            : linuxuser-VirtualBox
EventRecordID       : 550131
RuleName            : -
UtcTime             : 2022-08-28 14:22:28.512
ProcessGuid         : {5ce29752-7a1d-630b-bd8b-a31dd5550000}
ProcessId           : 3583
Image               : /usr/lib/firefox/firefox
User                : linuxuser
Protocol            : tcp
Initiated           : true
SourceIsIpv6        : false
SourceIp            : 127.0.0.1
SourceHostname      : -
SourcePort          : 33432
SourcePortName      : -
DestinationIsIpv6   : false
DestinationIp       : 127.0.0.1
DestinationHostname : -
DestinationPort     : 8000					%%%%%%%%%%%%%%%%%%%%%%%%%%%%%%%%%%%%%%%%%%%%%%%%%
DestinationPortName : -

EventId             : 3
Version             : 5
EventType           : NetworkConnect
Computer            : linuxuser-VirtualBox
EventRecordID       : 550132
RuleName            : -
UtcTime             : 2022-08-28 14:22:28.512
ProcessGuid         : {5ce29752-7699-630b-55a1-6b0000000000}
ProcessId           : 3435
Image               : /usr/bin/python3.8
User                : linuxuser
Protocol            : tcp
Initiated           : false
SourceIsIpv6        : false
SourceIp            : 127.0.0.1
SourceHostname      : -
SourcePort          : 33432
SourcePortName      : -
DestinationIsIpv6   : false
DestinationIp       : 127.0.0.1
DestinationHostname : -
DestinationPort     : 8000					%%%%%%%%%%%%%%%%%%%%%%%%%%%%%%%%%%%%%%%%%%%%%%%%%
DestinationPortName : -
%%%%%%%%%%%%%%%%%%%%%%%%%%%%%%%%%%%%%%%%%%%%%%%%%%%%%%%%%%%%%%%%% EventRecordID       : 550133-34 fehlt
EventId             : 3
Version             : 5
EventType           : NetworkConnect
Computer            : linuxuser-VirtualBox
EventRecordID       : 550135
RuleName            : -
UtcTime             : 2022-08-28 14:22:28.786
ProcessGuid         : {5ce29752-7a1d-630b-bd8b-a31dd5550000}
ProcessId           : 3583
Image               : /usr/lib/firefox/firefox
User                : linuxuser
Protocol            : tcp
Initiated           : true
SourceIsIpv6        : false
SourceIp            : 127.0.0.1
SourceHostname      : -
SourcePort          : 33434
SourcePortName      : -
DestinationIsIpv6   : false
DestinationIp       : 127.0.0.1
DestinationHostname : -
DestinationPort     : 8000					%%%%%%%%%%%%%%%%%%%%%%%%%%%%%%%%%%%%%%%%%%%%%%%%%
DestinationPortName : -

EventId             : 3
Version             : 5
EventType           : NetworkConnect
Computer            : linuxuser-VirtualBox
EventRecordID       : 550136
RuleName            : -
UtcTime             : 2022-08-28 14:22:28.786
ProcessGuid         : {5ce29752-7699-630b-55a1-6b0000000000}
ProcessId           : 3435
Image               : /usr/bin/python3.8
User                : linuxuser
Protocol            : tcp
Initiated           : false
SourceIsIpv6        : false
SourceIp            : 127.0.0.1
SourceHostname      : -
SourcePort          : 33434
SourcePortName      : -
DestinationIsIpv6   : false
DestinationIp       : 127.0.0.1
DestinationHostname : -
DestinationPort     : 8000					letzter port 8000 entry, 8000 immer im destinationport, 3430 immer sourceport %%%%%%%%%%%%%%%%%%%%%%%%%%%%%%%%%%%%%%%%%%%%%%%%%
DestinationPortName : -
%%%%%%%%%%%%%%%%%%%%%%%%%%%%%%%%%%%%%%%%%%%%%%%%%%%%%%%%%%%%%%%%% EventRecordID       : 550137 fehlt
EventId             : 3
Version             : 5
EventType           : NetworkConnect
Computer            : linuxuser-VirtualBox
EventRecordID       : 550138
RuleName            : -
UtcTime             : 2022-08-28 14:22:28.802
ProcessGuid         : {5ce29752-7a1d-630b-bd8b-a31dd5550000}
ProcessId           : 3583
Image               : /usr/lib/firefox/firefox
User                : linuxuser
Protocol            : udp
Initiated           : true
SourceIsIpv6        : false
SourceIp            : 127.0.0.1
SourceHostname      : -
SourcePort          : 38071
SourcePortName      : -
DestinationIsIpv6   : false
DestinationIp       : 127.0.0.53
DestinationHostname : -
DestinationPort     : 53
DestinationPortName : -

EventId             : 3
Version             : 5
EventType           : NetworkConnect
Computer            : linuxuser-VirtualBox
EventRecordID       : 550139
RuleName            : -
UtcTime             : 2022-08-28 14:22:28.803
ProcessGuid         : {5ce29752-61b2-630b-91a3-579723560000}
ProcessId           : 555
Image               : /usr/lib/systemd/systemd-resolved
User                : systemd-resolve
Protocol            : udp
Initiated           : true
SourceIsIpv6        : false
SourceIp            : 10.0.2.15
SourceHostname      : -
SourcePort          : 39370
SourcePortName      : -
DestinationIsIpv6   : false
DestinationIp       : 193.162.153.164
DestinationHostname : -
DestinationPort     : 53
DestinationPortName : -

EventId             : 3
Version             : 5
EventType           : NetworkConnect
Computer            : linuxuser-VirtualBox
EventRecordID       : 550140
RuleName            : -
UtcTime             : 2022-08-28 14:22:28.804
ProcessGuid         : {5ce29752-61b2-630b-91a3-579723560000}
ProcessId           : 555
Image               : /usr/lib/systemd/systemd-resolved
User                : systemd-resolve
Protocol            : udp
Initiated           : true
SourceIsIpv6        : false
SourceIp            : 10.0.2.15
SourceHostname      : -
SourcePort          : 44103
SourcePortName      : -
DestinationIsIpv6   : false
DestinationIp       : 193.162.153.164
DestinationHostname : -
DestinationPort     : 53
DestinationPortName : -

EventId             : 3
Version             : 5
EventType           : NetworkConnect
Computer            : linuxuser-VirtualBox
EventRecordID       : 550141
RuleName            : -
UtcTime             : 2022-08-28 14:22:28.814
ProcessGuid         : {5ce29752-7a1d-630b-bd8b-a31dd5550000}
ProcessId           : 3583
Image               : /usr/lib/firefox/firefox
User                : linuxuser
Protocol            : udp
Initiated           : true
SourceIsIpv6        : false
SourceIp            : 127.0.0.1
SourceHostname      : -
SourcePort          : 34087
SourcePortName      : -
DestinationIsIpv6   : false
DestinationIp       : 127.0.0.53
DestinationHostname : -
DestinationPort     : 53
DestinationPortName : -

EventId             : 3
Version             : 5
EventType           : NetworkConnect
Computer            : linuxuser-VirtualBox
EventRecordID       : 550142
RuleName            : -
UtcTime             : 2022-08-28 14:22:28.815
ProcessGuid         : {5ce29752-61b2-630b-91a3-579723560000}
ProcessId           : 555
Image               : /usr/lib/systemd/systemd-resolved
User                : systemd-resolve
Protocol            : udp
Initiated           : true
SourceIsIpv6        : false
SourceIp            : 10.0.2.15
SourceHostname      : -
SourcePort          : 51861
SourcePortName      : -
DestinationIsIpv6   : false
DestinationIp       : 193.162.153.164
DestinationHostname : -
DestinationPort     : 53
DestinationPortName : -

EventId             : 3
Version             : 5
EventType           : NetworkConnect
Computer            : linuxuser-VirtualBox
EventRecordID       : 550143
RuleName            : -
UtcTime             : 2022-08-28 14:22:28.817
ProcessGuid         : {5ce29752-61b2-630b-91a3-579723560000}
ProcessId           : 555
Image               : /usr/lib/systemd/systemd-resolved
User                : systemd-resolve
Protocol            : udp
Initiated           : true
SourceIsIpv6        : false
SourceIp            : 10.0.2.15
SourceHostname      : -
SourcePort          : 38092
SourcePortName      : -
DestinationIsIpv6   : false
DestinationIp       : 193.162.153.164
DestinationHostname : -
DestinationPort     : 53
DestinationPortName : -

EventId             : 3
Version             : 5
EventType           : NetworkConnect
Computer            : linuxuser-VirtualBox
EventRecordID       : 550144
RuleName            : -
UtcTime             : 2022-08-28 14:22:28.823
ProcessGuid         : {5ce29752-61b2-630b-91a3-579723560000}
ProcessId           : 555
Image               : /usr/lib/systemd/systemd-resolved
User                : systemd-resolve
Protocol            : udp
Initiated           : true
SourceIsIpv6        : false
SourceIp            : 127.0.0.53
SourceHostname      : -
SourcePort          : 53
SourcePortName      : -
DestinationIsIpv6   : false
DestinationIp       : 127.0.0.1
DestinationHostname : -
DestinationPort     : 38071
DestinationPortName : -

EventId             : 3
Version             : 5
EventType           : NetworkConnect
Computer            : linuxuser-VirtualBox
EventRecordID       : 550145
RuleName            : -
UtcTime             : 2022-08-28 14:22:28.827
ProcessGuid         : {5ce29752-7a1d-630b-bd8b-a31dd5550000}
ProcessId           : 3583
Image               : /usr/lib/firefox/firefox
User                : linuxuser
Protocol            : udp
Initiated           : true
SourceIsIpv6        : false
SourceIp            : 127.0.0.1
SourceHostname      : -
SourcePort          : 41621
SourcePortName      : -
DestinationIsIpv6   : false
DestinationIp       : 127.0.0.53
DestinationHostname : -
DestinationPort     : 53
DestinationPortName : -

EventId             : 3
Version             : 5
EventType           : NetworkConnect
Computer            : linuxuser-VirtualBox
EventRecordID       : 550146
RuleName            : -
UtcTime             : 2022-08-28 14:22:28.828
ProcessGuid         : {5ce29752-61b2-630b-91a3-579723560000}
ProcessId           : 555
Image               : /usr/lib/systemd/systemd-resolved
User                : systemd-resolve
Protocol            : udp
Initiated           : true
SourceIsIpv6        : false
SourceIp            : 10.0.2.15
SourceHostname      : -
SourcePort          : 50457
SourcePortName      : -
DestinationIsIpv6   : false
DestinationIp       : 193.162.153.164
DestinationHostname : -
DestinationPort     : 53
DestinationPortName : -

EventId             : 3
Version             : 5
EventType           : NetworkConnect
Computer            : linuxuser-VirtualBox
EventRecordID       : 550147
RuleName            : -
UtcTime             : 2022-08-28 14:22:28.829
ProcessGuid         : {5ce29752-61b2-630b-91a3-579723560000}
ProcessId           : 555
Image               : /usr/lib/systemd/systemd-resolved
User                : systemd-resolve
Protocol            : udp
Initiated           : true
SourceIsIpv6        : false
SourceIp            : 10.0.2.15
SourceHostname      : -
SourcePort          : 49506
SourcePortName      : -
DestinationIsIpv6   : false
DestinationIp       : 193.162.153.164
DestinationHostname : -
DestinationPort     : 53
DestinationPortName : -

EventId             : 3
Version             : 5
EventType           : NetworkConnect
Computer            : linuxuser-VirtualBox
EventRecordID       : 550148
RuleName            : -
UtcTime             : 2022-08-28 14:22:28.842
ProcessGuid         : {5ce29752-61b2-630b-91a3-579723560000}
ProcessId           : 555
Image               : /usr/lib/systemd/systemd-resolved
User                : systemd-resolve
Protocol            : udp
Initiated           : true
SourceIsIpv6        : false
SourceIp            : 127.0.0.53
SourceHostname      : -
SourcePort          : 53
SourcePortName      : -
DestinationIsIpv6   : false
DestinationIp       : 127.0.0.1
DestinationHostname : -
DestinationPort     : 34087
DestinationPortName : -

EventId             : 3
Version             : 5
EventType           : NetworkConnect
Computer            : linuxuser-VirtualBox
EventRecordID       : 550149
RuleName            : -
UtcTime             : 2022-08-28 14:22:28.849
ProcessGuid         : {5ce29752-61b2-630b-91a3-579723560000}
ProcessId           : 555
Image               : /usr/lib/systemd/systemd-resolved
User                : systemd-resolve
Protocol            : udp
Initiated           : true
SourceIsIpv6        : false
SourceIp            : 127.0.0.53
SourceHostname      : -
SourcePort          : 53
SourcePortName      : -
DestinationIsIpv6   : false
DestinationIp       : 127.0.0.1
DestinationHostname : -
DestinationPort     : 41621
DestinationPortName : -

EventId             : 3
Version             : 5
EventType           : NetworkConnect
Computer            : linuxuser-VirtualBox
EventRecordID       : 550150
RuleName            : -
UtcTime             : 2022-08-28 14:22:28.852
ProcessGuid         : {5ce29752-7a1d-630b-bd8b-a31dd5550000}
ProcessId           : 3583
Image               : /usr/lib/firefox/firefox
User                : linuxuser
Protocol            : udp
Initiated           : true
SourceIsIpv6        : false
SourceIp            : 127.0.0.1
SourceHostname      : -
SourcePort          : 49435
SourcePortName      : -
DestinationIsIpv6   : false
DestinationIp       : 127.0.0.53
DestinationHostname : -
DestinationPort     : 53
DestinationPortName : -

