EventId             : 3
Version             : 5
EventType           : NetworkConnect
Computer            : linuxuser-VirtualBox
EventRecordID       : 550393
RuleName            : -
UtcTime             : 2022-08-28 14:22:45.043
ProcessGuid         : {5ce29752-7a1d-630b-bd8b-a31dd5550000}
ProcessId           : 3583
Image               : /usr/lib/firefox/firefox
User                : linuxuser
Protocol            : udp
Initiated           : true
SourceIsIpv6        : false
SourceIp            : 127.0.0.1
SourceHostname      : -
SourcePort          : 37054
SourcePortName      : -
DestinationIsIpv6   : false
DestinationIp       : 127.0.0.53
DestinationHostname : -
DestinationPort     : 53
DestinationPortName : -

EventId             : 3
Version             : 5
EventType           : NetworkConnect
Computer            : linuxuser-VirtualBox
EventRecordID       : 550394
RuleName            : -
UtcTime             : 2022-08-28 14:22:45.045
ProcessGuid         : {5ce29752-61b2-630b-91a3-579723560000}
ProcessId           : 555
Image               : /usr/lib/systemd/systemd-resolved
User                : systemd-resolve
Protocol            : udp
Initiated           : true
SourceIsIpv6        : false
SourceIp            : 127.0.0.53
SourceHostname      : -
SourcePort          : 53
SourcePortName      : -
DestinationIsIpv6   : false
DestinationIp       : 127.0.0.1
DestinationHostname : -
DestinationPort     : 37054
DestinationPortName : -

EventId             : 3
Version             : 5
EventType           : NetworkConnect
Computer            : linuxuser-VirtualBox
EventRecordID       : 550395
RuleName            : -
UtcTime             : 2022-08-28 14:22:45.064
ProcessGuid         : {5ce29752-7a1d-630b-bd8b-a31dd5550000}
ProcessId           : 3583
Image               : /usr/lib/firefox/firefox
User                : linuxuser
Protocol            : tcp
Initiated           : true
SourceIsIpv6        : false
SourceIp            : 10.0.2.15
SourceHostname      : -
SourcePort          : 39870
SourcePortName      : -
DestinationIsIpv6   : false
DestinationIp       : 13.33.141.72
DestinationHostname : -
DestinationPort     : 443
DestinationPortName : -

EventId             : 3
Version             : 5
EventType           : NetworkConnect
Computer            : linuxuser-VirtualBox
EventRecordID       : 550396
RuleName            : -
UtcTime             : 2022-08-28 14:22:45.110
ProcessGuid         : {5ce29752-7a1d-630b-bd8b-a31dd5550000}
ProcessId           : 3583
Image               : /usr/lib/firefox/firefox
User                : linuxuser
Protocol            : udp
Initiated           : true
SourceIsIpv6        : false
SourceIp            : 127.0.0.1
SourceHostname      : -
SourcePort          : 49877
SourcePortName      : -
DestinationIsIpv6   : false
DestinationIp       : 127.0.0.53
DestinationHostname : -
DestinationPort     : 53
DestinationPortName : -

EventId             : 3
Version             : 5
EventType           : NetworkConnect
Computer            : linuxuser-VirtualBox
EventRecordID       : 550397
RuleName            : -
UtcTime             : 2022-08-28 14:22:45.111
ProcessGuid         : {5ce29752-61b2-630b-91a3-579723560000}
ProcessId           : 555
Image               : /usr/lib/systemd/systemd-resolved
User                : systemd-resolve
Protocol            : udp
Initiated           : true
SourceIsIpv6        : false
SourceIp            : 127.0.0.53
SourceHostname      : -
SourcePort          : 53
SourcePortName      : -
DestinationIsIpv6   : false
DestinationIp       : 127.0.0.1
DestinationHostname : -
DestinationPort     : 49877
DestinationPortName : -

EventId             : 3
Version             : 5
EventType           : NetworkConnect
Computer            : linuxuser-VirtualBox
EventRecordID       : 550398
RuleName            : -
UtcTime             : 2022-08-28 14:22:45.112
ProcessGuid         : {5ce29752-61b2-630b-91a3-579723560000}
ProcessId           : 555
Image               : /usr/lib/systemd/systemd-resolved
User                : systemd-resolve
Protocol            : udp
Initiated           : true
SourceIsIpv6        : false
SourceIp            : 10.0.2.15
SourceHostname      : -
SourcePort          : 56268
SourcePortName      : -
DestinationIsIpv6   : false
DestinationIp       : 193.162.153.164
DestinationHostname : -
DestinationPort     : 53
DestinationPortName : -

EventId             : 3
Version             : 5
EventType           : NetworkConnect
Computer            : linuxuser-VirtualBox
EventRecordID       : 550399
RuleName            : -
UtcTime             : 2022-08-28 14:22:45.115
ProcessGuid         : {5ce29752-7a1d-630b-bd8b-a31dd5550000}
ProcessId           : 3583
Image               : /usr/lib/firefox/firefox
User                : linuxuser
Protocol            : udp
Initiated           : true
SourceIsIpv6        : false
SourceIp            : 127.0.0.1
SourceHostname      : -
SourcePort          : 34347
SourcePortName      : -
DestinationIsIpv6   : false
DestinationIp       : 127.0.0.53
DestinationHostname : -
DestinationPort     : 53
DestinationPortName : -

EventId             : 3
Version             : 5
EventType           : NetworkConnect
Computer            : linuxuser-VirtualBox
EventRecordID       : 550400
RuleName            : -
UtcTime             : 2022-08-28 14:22:45.115
ProcessGuid         : {5ce29752-61b2-630b-91a3-579723560000}
ProcessId           : 555
Image               : /usr/lib/systemd/systemd-resolved
User                : systemd-resolve
Protocol            : udp
Initiated           : true
SourceIsIpv6        : false
SourceIp            : 127.0.0.53
SourceHostname      : -
SourcePort          : 53
SourcePortName      : -
DestinationIsIpv6   : false
DestinationIp       : 127.0.0.1
DestinationHostname : -
DestinationPort     : 34347
DestinationPortName : -

EventId             : 3
Version             : 5
EventType           : NetworkConnect
Computer            : linuxuser-VirtualBox
EventRecordID       : 550401
RuleName            : -
UtcTime             : 2022-08-28 14:22:45.141
ProcessGuid         : {5ce29752-7a1d-630b-bd8b-a31dd5550000}
ProcessId           : 3583
Image               : /usr/lib/firefox/firefox
User                : linuxuser
Protocol            : tcp
Initiated           : true
SourceIsIpv6        : false
SourceIp            : 10.0.2.15
SourceHostname      : -
SourcePort          : 39872
SourcePortName      : -
DestinationIsIpv6   : false
DestinationIp       : 13.33.141.72
DestinationHostname : -
DestinationPort     : 443
DestinationPortName : -

EventId             : 3
Version             : 5
EventType           : NetworkConnect
Computer            : linuxuser-VirtualBox
EventRecordID       : 550402
RuleName            : -
UtcTime             : 2022-08-28 14:22:45.266
ProcessGuid         : {5ce29752-7a1d-630b-bd8b-a31dd5550000}
ProcessId           : 3583
Image               : /usr/lib/firefox/firefox
User                : linuxuser
Protocol            : udp
Initiated           : true
SourceIsIpv6        : false
SourceIp            : 127.0.0.1
SourceHostname      : -
SourcePort          : 52495
SourcePortName      : -
DestinationIsIpv6   : false
DestinationIp       : 127.0.0.53
DestinationHostname : -
DestinationPort     : 53
DestinationPortName : -

EventId             : 3
Version             : 5
EventType           : NetworkConnect
Computer            : linuxuser-VirtualBox
EventRecordID       : 550403
RuleName            : -
UtcTime             : 2022-08-28 14:22:45.268
ProcessGuid         : {5ce29752-61b2-630b-91a3-579723560000}
ProcessId           : 555
Image               : /usr/lib/systemd/systemd-resolved
User                : systemd-resolve
Protocol            : udp
Initiated           : true
SourceIsIpv6        : false
SourceIp            : 127.0.0.53
SourceHostname      : -
SourcePort          : 53
SourcePortName      : -
DestinationIsIpv6   : false
DestinationIp       : 127.0.0.1
DestinationHostname : -
DestinationPort     : 52495
DestinationPortName : -

EventId             : 3
Version             : 5
EventType           : NetworkConnect
Computer            : linuxuser-VirtualBox
EventRecordID       : 550404
RuleName            : -
UtcTime             : 2022-08-28 14:22:45.272
ProcessGuid         : {5ce29752-61b2-630b-91a3-579723560000}
ProcessId           : 555
Image               : /usr/lib/systemd/systemd-resolved
User                : systemd-resolve
Protocol            : udp
Initiated           : true
SourceIsIpv6        : false
SourceIp            : 10.0.2.15
SourceHostname      : -
SourcePort          : 56631
SourcePortName      : -
DestinationIsIpv6   : false
DestinationIp       : 193.162.153.164
DestinationHostname : -
DestinationPort     : 53
DestinationPortName : -

EventId             : 3
Version             : 5
EventType           : NetworkConnect
Computer            : linuxuser-VirtualBox
EventRecordID       : 550405
RuleName            : -
UtcTime             : 2022-08-28 14:22:45.277
ProcessGuid         : {5ce29752-7a1d-630b-bd8b-a31dd5550000}
ProcessId           : 3583
Image               : /usr/lib/firefox/firefox
User                : linuxuser
Protocol            : udp
Initiated           : true
SourceIsIpv6        : false
SourceIp            : 127.0.0.1
SourceHostname      : -
SourcePort          : 49363
SourcePortName      : -
DestinationIsIpv6   : false
DestinationIp       : 127.0.0.53
DestinationHostname : -
DestinationPort     : 53
DestinationPortName : -

EventId             : 3
Version             : 5
EventType           : NetworkConnect
Computer            : linuxuser-VirtualBox
EventRecordID       : 550406
RuleName            : -
UtcTime             : 2022-08-28 14:22:45.277
ProcessGuid         : {5ce29752-61b2-630b-91a3-579723560000}
ProcessId           : 555
Image               : /usr/lib/systemd/systemd-resolved
User                : systemd-resolve
Protocol            : udp
Initiated           : true
SourceIsIpv6        : false
SourceIp            : 127.0.0.53
SourceHostname      : -
SourcePort          : 53
SourcePortName      : -
DestinationIsIpv6   : false
DestinationIp       : 127.0.0.1
DestinationHostname : -
DestinationPort     : 49363
DestinationPortName : -

EventId             : 3
Version             : 5
EventType           : NetworkConnect
Computer            : linuxuser-VirtualBox
EventRecordID       : 550407
RuleName            : -
UtcTime             : 2022-08-28 14:22:45.300
ProcessGuid         : {5ce29752-7a1d-630b-bd8b-a31dd5550000}
ProcessId           : 3583
Image               : /usr/lib/firefox/firefox
User                : linuxuser
Protocol            : tcp
Initiated           : true
SourceIsIpv6        : false
SourceIp            : 10.0.2.15
SourceHostname      : -
SourcePort          : 39876
SourcePortName      : -
DestinationIsIpv6   : false
DestinationIp       : 13.33.141.72
DestinationHostname : -
DestinationPort     : 443
DestinationPortName : -

EventId             : 3
Version             : 5
EventType           : NetworkConnect
Computer            : linuxuser-VirtualBox
EventRecordID       : 550408
RuleName            : -
UtcTime             : 2022-08-28 14:22:45.367
ProcessGuid         : {5ce29752-7a1d-630b-bd8b-a31dd5550000}
ProcessId           : 3583
Image               : /usr/lib/firefox/firefox
User                : linuxuser
Protocol            : udp
Initiated           : true
SourceIsIpv6        : false
SourceIp            : 127.0.0.1
SourceHostname      : -
SourcePort          : 54964
SourcePortName      : -
DestinationIsIpv6   : false
DestinationIp       : 127.0.0.53
DestinationHostname : -
DestinationPort     : 53
DestinationPortName : -

EventId             : 3
Version             : 5
EventType           : NetworkConnect
Computer            : linuxuser-VirtualBox
EventRecordID       : 550409
RuleName            : -
UtcTime             : 2022-08-28 14:22:45.370
ProcessGuid         : {5ce29752-61b2-630b-91a3-579723560000}
ProcessId           : 555
Image               : /usr/lib/systemd/systemd-resolved
User                : systemd-resolve
Protocol            : udp
Initiated           : true
SourceIsIpv6        : false
SourceIp            : 127.0.0.53
SourceHostname      : -
SourcePort          : 53
SourcePortName      : -
DestinationIsIpv6   : false
DestinationIp       : 127.0.0.1
DestinationHostname : -
DestinationPort     : 54964
DestinationPortName : -

EventId             : 3
Version             : 5
EventType           : NetworkConnect
Computer            : linuxuser-VirtualBox
EventRecordID       : 550410
RuleName            : -
UtcTime             : 2022-08-28 14:22:45.374
ProcessGuid         : {5ce29752-61b2-630b-91a3-579723560000}
ProcessId           : 555
Image               : /usr/lib/systemd/systemd-resolved
User                : systemd-resolve
Protocol            : udp
Initiated           : true
SourceIsIpv6        : false
SourceIp            : 10.0.2.15
SourceHostname      : -
SourcePort          : 42359
SourcePortName      : -
DestinationIsIpv6   : false
DestinationIp       : 193.162.153.164
DestinationHostname : -
DestinationPort     : 53
DestinationPortName : -

EventId             : 3
Version             : 5
EventType           : NetworkConnect
Computer            : linuxuser-VirtualBox
EventRecordID       : 550411
RuleName            : -
UtcTime             : 2022-08-28 14:22:45.379
ProcessGuid         : {5ce29752-7a1d-630b-bd8b-a31dd5550000}
ProcessId           : 3583
Image               : /usr/lib/firefox/firefox
User                : linuxuser
Protocol            : udp
Initiated           : true
SourceIsIpv6        : false
SourceIp            : 127.0.0.1
SourceHostname      : -
SourcePort          : 37063
SourcePortName      : -
DestinationIsIpv6   : false
DestinationIp       : 127.0.0.53
DestinationHostname : -
DestinationPort     : 53
DestinationPortName : -

EventId             : 3
Version             : 5
EventType           : NetworkConnect
Computer            : linuxuser-VirtualBox
EventRecordID       : 550412
RuleName            : -
UtcTime             : 2022-08-28 14:22:45.379
ProcessGuid         : {5ce29752-61b2-630b-91a3-579723560000}
ProcessId           : 555
Image               : /usr/lib/systemd/systemd-resolved
User                : systemd-resolve
Protocol            : udp
Initiated           : true
SourceIsIpv6        : false
SourceIp            : 127.0.0.53
SourceHostname      : -
SourcePort          : 53
SourcePortName      : -
DestinationIsIpv6   : false
DestinationIp       : 127.0.0.1
DestinationHostname : -
DestinationPort     : 37063
DestinationPortName : -

EventId             : 3
Version             : 5
EventType           : NetworkConnect
Computer            : linuxuser-VirtualBox
EventRecordID       : 550413
RuleName            : -
UtcTime             : 2022-08-28 14:22:45.396
ProcessGuid         : {5ce29752-7a1d-630b-bd8b-a31dd5550000}
ProcessId           : 3583
Image               : /usr/lib/firefox/firefox
User                : linuxuser
Protocol            : tcp
Initiated           : true
SourceIsIpv6        : false
SourceIp            : 10.0.2.15
SourceHostname      : -
SourcePort          : 39878
SourcePortName      : -
DestinationIsIpv6   : false
DestinationIp       : 13.33.141.72
DestinationHostname : -
DestinationPort     : 443
DestinationPortName : -

EventId             : 3
Version             : 5
EventType           : NetworkConnect
Computer            : linuxuser-VirtualBox
EventRecordID       : 550414
RuleName            : -
UtcTime             : 2022-08-28 14:22:45.456
ProcessGuid         : {5ce29752-7a1d-630b-bd8b-a31dd5550000}
ProcessId           : 3583
Image               : /usr/lib/firefox/firefox
User                : linuxuser
Protocol            : udp
Initiated           : true
SourceIsIpv6        : false
SourceIp            : 127.0.0.1
SourceHostname      : -
SourcePort          : 53014
SourcePortName      : -
DestinationIsIpv6   : false
DestinationIp       : 127.0.0.53
DestinationHostname : -
DestinationPort     : 53
DestinationPortName : -

EventId             : 3
Version             : 5
EventType           : NetworkConnect
Computer            : linuxuser-VirtualBox
EventRecordID       : 550415
RuleName            : -
UtcTime             : 2022-08-28 14:22:45.458
ProcessGuid         : {5ce29752-61b2-630b-91a3-579723560000}
ProcessId           : 555
Image               : /usr/lib/systemd/systemd-resolved
User                : systemd-resolve
Protocol            : udp
Initiated           : true
SourceIsIpv6        : false
SourceIp            : 127.0.0.53
SourceHostname      : -
SourcePort          : 53
SourcePortName      : -
DestinationIsIpv6   : false
DestinationIp       : 127.0.0.1
DestinationHostname : -
DestinationPort     : 53014
DestinationPortName : -

EventId             : 3
Version             : 5
EventType           : NetworkConnect
Computer            : linuxuser-VirtualBox
EventRecordID       : 550416
RuleName            : -
UtcTime             : 2022-08-28 14:22:45.461
ProcessGuid         : {5ce29752-61b2-630b-91a3-579723560000}
ProcessId           : 555
Image               : /usr/lib/systemd/systemd-resolved
User                : systemd-resolve
Protocol            : udp
Initiated           : true
SourceIsIpv6        : false
SourceIp            : 10.0.2.15
SourceHostname      : -
SourcePort          : 53625
SourcePortName      : -
DestinationIsIpv6   : false
DestinationIp       : 193.162.153.164
DestinationHostname : -
DestinationPort     : 53
DestinationPortName : -

EventId             : 3
Version             : 5
EventType           : NetworkConnect
Computer            : linuxuser-VirtualBox
EventRecordID       : 550417
RuleName            : -
UtcTime             : 2022-08-28 14:22:45.470
ProcessGuid         : {5ce29752-7a1d-630b-bd8b-a31dd5550000}
ProcessId           : 3583
Image               : /usr/lib/firefox/firefox
User                : linuxuser
Protocol            : udp
Initiated           : true
SourceIsIpv6        : false
SourceIp            : 127.0.0.1
SourceHostname      : -
SourcePort          : 47499
SourcePortName      : -
DestinationIsIpv6   : false
DestinationIp       : 127.0.0.53
DestinationHostname : -
DestinationPort     : 53
DestinationPortName : -

EventId             : 3
Version             : 5
EventType           : NetworkConnect
Computer            : linuxuser-VirtualBox
EventRecordID       : 550418
RuleName            : -
UtcTime             : 2022-08-28 14:22:45.474
ProcessGuid         : {5ce29752-61b2-630b-91a3-579723560000}
ProcessId           : 555
Image               : /usr/lib/systemd/systemd-resolved
User                : systemd-resolve
Protocol            : udp
Initiated           : true
SourceIsIpv6        : false
SourceIp            : 127.0.0.53
SourceHostname      : -
SourcePort          : 53
SourcePortName      : -
DestinationIsIpv6   : false
DestinationIp       : 127.0.0.1
DestinationHostname : -
DestinationPort     : 47499
DestinationPortName : -

EventId             : 3
Version             : 5
EventType           : NetworkConnect
Computer            : linuxuser-VirtualBox
EventRecordID       : 550419
RuleName            : -
UtcTime             : 2022-08-28 14:22:45.503
ProcessGuid         : {5ce29752-7a1d-630b-bd8b-a31dd5550000}
ProcessId           : 3583
Image               : /usr/lib/firefox/firefox
User                : linuxuser
Protocol            : tcp
Initiated           : true
SourceIsIpv6        : false
SourceIp            : 10.0.2.15
SourceHostname      : -
SourcePort          : 39880
SourcePortName      : -
DestinationIsIpv6   : false
DestinationIp       : 13.33.141.72
DestinationHostname : -
DestinationPort     : 443
DestinationPortName : -

EventId             : 3
Version             : 5
EventType           : NetworkConnect
Computer            : linuxuser-VirtualBox
EventRecordID       : 550420
RuleName            : -
UtcTime             : 2022-08-28 14:22:45.611
ProcessGuid         : {5ce29752-7a1d-630b-bd8b-a31dd5550000}
ProcessId           : 3583
Image               : /usr/lib/firefox/firefox
User                : linuxuser
Protocol            : udp
Initiated           : true
SourceIsIpv6        : false
SourceIp            : 127.0.0.1
SourceHostname      : -
SourcePort          : 53391
SourcePortName      : -
DestinationIsIpv6   : false
DestinationIp       : 127.0.0.53
DestinationHostname : -
DestinationPort     : 53
DestinationPortName : -

EventId             : 3
Version             : 5
EventType           : NetworkConnect
Computer            : linuxuser-VirtualBox
EventRecordID       : 550421
RuleName            : -
UtcTime             : 2022-08-28 14:22:45.616
ProcessGuid         : {5ce29752-61b2-630b-91a3-579723560000}
ProcessId           : 555
Image               : /usr/lib/systemd/systemd-resolved
User                : systemd-resolve
Protocol            : udp
Initiated           : true
SourceIsIpv6        : false
SourceIp            : 127.0.0.53
SourceHostname      : -
SourcePort          : 53
SourcePortName      : -
DestinationIsIpv6   : false
DestinationIp       : 127.0.0.1
DestinationHostname : -
DestinationPort     : 53391
DestinationPortName : -

EventId             : 3
Version             : 5
EventType           : NetworkConnect
Computer            : linuxuser-VirtualBox
EventRecordID       : 550422
RuleName            : -
UtcTime             : 2022-08-28 14:22:45.617
ProcessGuid         : {5ce29752-61b2-630b-91a3-579723560000}
ProcessId           : 555
Image               : /usr/lib/systemd/systemd-resolved
User                : systemd-resolve
Protocol            : udp
Initiated           : true
SourceIsIpv6        : false
SourceIp            : 10.0.2.15
SourceHostname      : -
SourcePort          : 50130
SourcePortName      : -
DestinationIsIpv6   : false
DestinationIp       : 193.162.153.164
DestinationHostname : -
DestinationPort     : 53
DestinationPortName : -

EventId             : 3
Version             : 5
EventType           : NetworkConnect
Computer            : linuxuser-VirtualBox
EventRecordID       : 550423
RuleName            : -
UtcTime             : 2022-08-28 14:22:45.630
ProcessGuid         : {5ce29752-7a1d-630b-bd8b-a31dd5550000}
ProcessId           : 3583
Image               : /usr/lib/firefox/firefox
User                : linuxuser
Protocol            : udp
Initiated           : true
SourceIsIpv6        : false
SourceIp            : 127.0.0.1
SourceHostname      : -
SourcePort          : 47526
SourcePortName      : -
DestinationIsIpv6   : false
DestinationIp       : 127.0.0.53
DestinationHostname : -
DestinationPort     : 53
DestinationPortName : -

EventId             : 3
Version             : 5
EventType           : NetworkConnect
Computer            : linuxuser-VirtualBox
EventRecordID       : 550424
RuleName            : -
UtcTime             : 2022-08-28 14:22:45.631
ProcessGuid         : {5ce29752-61b2-630b-91a3-579723560000}
ProcessId           : 555
Image               : /usr/lib/systemd/systemd-resolved
User                : systemd-resolve
Protocol            : udp
Initiated           : true
SourceIsIpv6        : false
SourceIp            : 127.0.0.53
SourceHostname      : -
SourcePort          : 53
SourcePortName      : -
DestinationIsIpv6   : false
DestinationIp       : 127.0.0.1
DestinationHostname : -
DestinationPort     : 47526
DestinationPortName : -

EventId             : 3
Version             : 5
EventType           : NetworkConnect
Computer            : linuxuser-VirtualBox
EventRecordID       : 550425
RuleName            : -
UtcTime             : 2022-08-28 14:22:45.659
ProcessGuid         : {5ce29752-7a1d-630b-bd8b-a31dd5550000}
ProcessId           : 3583
Image               : /usr/lib/firefox/firefox
User                : linuxuser
Protocol            : tcp
Initiated           : true
SourceIsIpv6        : false
SourceIp            : 10.0.2.15
SourceHostname      : -
SourcePort          : 39882
SourcePortName      : -
DestinationIsIpv6   : false
DestinationIp       : 13.33.141.72
DestinationHostname : -
DestinationPort     : 443
DestinationPortName : -

EventId             : 3
Version             : 5
EventType           : NetworkConnect
Computer            : linuxuser-VirtualBox
EventRecordID       : 550426
RuleName            : -
UtcTime             : 2022-08-28 14:22:45.782
ProcessGuid         : {5ce29752-61b2-630b-91a3-579723560000}
ProcessId           : 555
Image               : /usr/lib/systemd/systemd-resolved
User                : systemd-resolve
Protocol            : udp
Initiated           : true
SourceIsIpv6        : false
SourceIp            : 10.0.2.15
SourceHostname      : -
SourcePort          : 59049
SourcePortName      : -
DestinationIsIpv6   : false
DestinationIp       : 193.162.153.164
DestinationHostname : -
DestinationPort     : 53
DestinationPortName : -

EventId             : 3
Version             : 5
EventType           : NetworkConnect
Computer            : linuxuser-VirtualBox
EventRecordID       : 550427
RuleName            : -
UtcTime             : 2022-08-28 14:22:45.793
ProcessGuid         : {5ce29752-7a1d-630b-bd8b-a31dd5550000}
ProcessId           : 3583
Image               : /usr/lib/firefox/firefox
User                : linuxuser
Protocol            : udp
Initiated           : true
SourceIsIpv6        : false
SourceIp            : 127.0.0.1
SourceHostname      : -
SourcePort          : 49617
SourcePortName      : -
DestinationIsIpv6   : false
DestinationIp       : 127.0.0.53
DestinationHostname : -
DestinationPort     : 53
DestinationPortName : -

EventId             : 3
Version             : 5
EventType           : NetworkConnect
Computer            : linuxuser-VirtualBox
EventRecordID       : 550428
RuleName            : -
UtcTime             : 2022-08-28 14:22:45.796
ProcessGuid         : {5ce29752-61b2-630b-91a3-579723560000}
ProcessId           : 555
Image               : /usr/lib/systemd/systemd-resolved
User                : systemd-resolve
Protocol            : udp
Initiated           : true
SourceIsIpv6        : false
SourceIp            : 127.0.0.53
SourceHostname      : -
SourcePort          : 53
SourcePortName      : -
DestinationIsIpv6   : false
DestinationIp       : 127.0.0.1
DestinationHostname : -
DestinationPort     : 49617
DestinationPortName : -

EventId             : 3
Version             : 5
EventType           : NetworkConnect
Computer            : linuxuser-VirtualBox
EventRecordID       : 550429
RuleName            : -
UtcTime             : 2022-08-28 14:22:45.834
ProcessGuid         : {5ce29752-7a1d-630b-bd8b-a31dd5550000}
ProcessId           : 3583
Image               : /usr/lib/firefox/firefox
User                : linuxuser
Protocol            : tcp
Initiated           : true
SourceIsIpv6        : false
SourceIp            : 10.0.2.15
SourceHostname      : -
SourcePort          : 39884
SourcePortName      : -
DestinationIsIpv6   : false
DestinationIp       : 13.33.141.72
DestinationHostname : -
DestinationPort     : 443
DestinationPortName : -

EventId             : 3
Version             : 5
EventType           : NetworkConnect
Computer            : linuxuser-VirtualBox
EventRecordID       : 550430
RuleName            : -
UtcTime             : 2022-08-28 14:22:45.915
ProcessGuid         : {5ce29752-7a1d-630b-bd8b-a31dd5550000}
ProcessId           : 3583
Image               : /usr/lib/firefox/firefox
User                : linuxuser
Protocol            : udp
Initiated           : true
SourceIsIpv6        : false
SourceIp            : 127.0.0.1
SourceHostname      : -
SourcePort          : 39434
SourcePortName      : -
DestinationIsIpv6   : false
DestinationIp       : 127.0.0.53
DestinationHostname : -
DestinationPort     : 53
DestinationPortName : -

EventId             : 3
Version             : 5
EventType           : NetworkConnect
Computer            : linuxuser-VirtualBox
EventRecordID       : 550431
RuleName            : -
UtcTime             : 2022-08-28 14:22:45.916
ProcessGuid         : {5ce29752-61b2-630b-91a3-579723560000}
ProcessId           : 555
Image               : /usr/lib/systemd/systemd-resolved
User                : systemd-resolve
Protocol            : udp
Initiated           : true
SourceIsIpv6        : false
SourceIp            : 127.0.0.53
SourceHostname      : -
SourcePort          : 53
SourcePortName      : -
DestinationIsIpv6   : false
DestinationIp       : 127.0.0.1
DestinationHostname : -
DestinationPort     : 39434
DestinationPortName : -

EventId             : 3
Version             : 5
EventType           : NetworkConnect
Computer            : linuxuser-VirtualBox
EventRecordID       : 550432
RuleName            : -
UtcTime             : 2022-08-28 14:22:45.918
ProcessGuid         : {5ce29752-61b2-630b-91a3-579723560000}
ProcessId           : 555
Image               : /usr/lib/systemd/systemd-resolved
User                : systemd-resolve
Protocol            : udp
Initiated           : true
SourceIsIpv6        : false
SourceIp            : 10.0.2.15
SourceHostname      : -
SourcePort          : 59813
SourcePortName      : -
DestinationIsIpv6   : false
DestinationIp       : 193.162.153.164
DestinationHostname : -
DestinationPort     : 53
DestinationPortName : -

EventId             : 3
Version             : 5
EventType           : NetworkConnect
Computer            : linuxuser-VirtualBox
EventRecordID       : 550433
RuleName            : -
UtcTime             : 2022-08-28 14:22:45.920
ProcessGuid         : {5ce29752-7a1d-630b-bd8b-a31dd5550000}
ProcessId           : 3583
Image               : /usr/lib/firefox/firefox
User                : linuxuser
Protocol            : udp
Initiated           : true
SourceIsIpv6        : false
SourceIp            : 127.0.0.1
SourceHostname      : -
SourcePort          : 38067
SourcePortName      : -
DestinationIsIpv6   : false
DestinationIp       : 127.0.0.53
DestinationHostname : -
DestinationPort     : 53
DestinationPortName : -

EventId             : 3
Version             : 5
EventType           : NetworkConnect
Computer            : linuxuser-VirtualBox
EventRecordID       : 550434
RuleName            : -
UtcTime             : 2022-08-28 14:22:45.922
ProcessGuid         : {5ce29752-61b2-630b-91a3-579723560000}
ProcessId           : 555
Image               : /usr/lib/systemd/systemd-resolved
User                : systemd-resolve
Protocol            : udp
Initiated           : true
SourceIsIpv6        : false
SourceIp            : 127.0.0.53
SourceHostname      : -
SourcePort          : 53
SourcePortName      : -
DestinationIsIpv6   : false
DestinationIp       : 127.0.0.1
DestinationHostname : -
DestinationPort     : 38067
DestinationPortName : -

EventId             : 3
Version             : 5
EventType           : NetworkConnect
Computer            : linuxuser-VirtualBox
EventRecordID       : 550435
RuleName            : -
UtcTime             : 2022-08-28 14:22:45.946
ProcessGuid         : {5ce29752-7a1d-630b-bd8b-a31dd5550000}
ProcessId           : 3583
Image               : /usr/lib/firefox/firefox
User                : linuxuser
Protocol            : tcp
Initiated           : true
SourceIsIpv6        : false
SourceIp            : 10.0.2.15
SourceHostname      : -
SourcePort          : 39886
SourcePortName      : -
DestinationIsIpv6   : false
DestinationIp       : 13.33.141.72
DestinationHostname : -
DestinationPort     : 443
DestinationPortName : -

EventId             : 3
Version             : 5
EventType           : NetworkConnect
Computer            : linuxuser-VirtualBox
EventRecordID       : 550436
RuleName            : -
UtcTime             : 2022-08-28 14:22:46.008
ProcessGuid         : {5ce29752-7a1d-630b-bd8b-a31dd5550000}
ProcessId           : 3583
Image               : /usr/lib/firefox/firefox
User                : linuxuser
Protocol            : udp
Initiated           : true
SourceIsIpv6        : false
SourceIp            : 127.0.0.1
SourceHostname      : -
SourcePort          : 36500
SourcePortName      : -
DestinationIsIpv6   : false
DestinationIp       : 127.0.0.53
DestinationHostname : -
DestinationPort     : 53
DestinationPortName : -

EventId             : 3
Version             : 5
EventType           : NetworkConnect
Computer            : linuxuser-VirtualBox
EventRecordID       : 550437
RuleName            : -
UtcTime             : 2022-08-28 14:22:46.008
ProcessGuid         : {5ce29752-61b2-630b-91a3-579723560000}
ProcessId           : 555
Image               : /usr/lib/systemd/systemd-resolved
User                : systemd-resolve
Protocol            : udp
Initiated           : true
SourceIsIpv6        : false
SourceIp            : 127.0.0.53
SourceHostname      : -
SourcePort          : 53
SourcePortName      : -
DestinationIsIpv6   : false
DestinationIp       : 127.0.0.1
DestinationHostname : -
DestinationPort     : 36500
DestinationPortName : -

EventId             : 3
Version             : 5
EventType           : NetworkConnect
Computer            : linuxuser-VirtualBox
EventRecordID       : 550438
RuleName            : -
UtcTime             : 2022-08-28 14:22:46.010
ProcessGuid         : {5ce29752-61b2-630b-91a3-579723560000}
ProcessId           : 555
Image               : /usr/lib/systemd/systemd-resolved
User                : systemd-resolve
Protocol            : udp
Initiated           : true
SourceIsIpv6        : false
SourceIp            : 10.0.2.15
SourceHostname      : -
SourcePort          : 43340
SourcePortName      : -
DestinationIsIpv6   : false
DestinationIp       : 193.162.153.164
DestinationHostname : -
DestinationPort     : 53
DestinationPortName : -

EventId             : 3
Version             : 5
EventType           : NetworkConnect
Computer            : linuxuser-VirtualBox
EventRecordID       : 550439
RuleName            : -
UtcTime             : 2022-08-28 14:22:46.013
ProcessGuid         : {5ce29752-7a1d-630b-bd8b-a31dd5550000}
ProcessId           : 3583
Image               : /usr/lib/firefox/firefox
User                : linuxuser
Protocol            : udp
Initiated           : true
SourceIsIpv6        : false
SourceIp            : 127.0.0.1
SourceHostname      : -
SourcePort          : 53457
SourcePortName      : -
DestinationIsIpv6   : false
DestinationIp       : 127.0.0.53
DestinationHostname : -
DestinationPort     : 53
DestinationPortName : -

EventId             : 3
Version             : 5
EventType           : NetworkConnect
Computer            : linuxuser-VirtualBox
EventRecordID       : 550440
RuleName            : -
UtcTime             : 2022-08-28 14:22:46.013
ProcessGuid         : {5ce29752-61b2-630b-91a3-579723560000}
ProcessId           : 555
Image               : /usr/lib/systemd/systemd-resolved
User                : systemd-resolve
Protocol            : udp
Initiated           : true
SourceIsIpv6        : false
SourceIp            : 127.0.0.53
SourceHostname      : -
SourcePort          : 53
SourcePortName      : -
DestinationIsIpv6   : false
DestinationIp       : 127.0.0.1
DestinationHostname : -
DestinationPort     : 53457
DestinationPortName : -

EventId             : 3
Version             : 5
EventType           : NetworkConnect
Computer            : linuxuser-VirtualBox
EventRecordID       : 550441
RuleName            : -
UtcTime             : 2022-08-28 14:22:46.032
ProcessGuid         : {5ce29752-7a1d-630b-bd8b-a31dd5550000}
ProcessId           : 3583
Image               : /usr/lib/firefox/firefox
User                : linuxuser
Protocol            : tcp
Initiated           : true
SourceIsIpv6        : false
SourceIp            : 10.0.2.15
SourceHostname      : -
SourcePort          : 39888
SourcePortName      : -
DestinationIsIpv6   : false
DestinationIp       : 13.33.141.72
DestinationHostname : -
DestinationPort     : 443
DestinationPortName : -

EventId             : 3
Version             : 5
EventType           : NetworkConnect
Computer            : linuxuser-VirtualBox
EventRecordID       : 550551
RuleName            : -
UtcTime             : 2022-08-28 14:23:16.705
ProcessGuid         : {5ce29752-61b2-630b-91a3-579723560000}
ProcessId           : 555
Image               : /usr/lib/systemd/systemd-resolved
User                : systemd-resolve
Protocol            : udp
Initiated           : true
SourceIsIpv6        : false
SourceIp            : 10.0.2.15
SourceHostname      : -
SourcePort          : 49078
SourcePortName      : -
DestinationIsIpv6   : false
DestinationIp       : 193.162.153.164
DestinationHostname : -
DestinationPort     : 53
DestinationPortName : -

EventId             : 3
Version             : 5
EventType           : NetworkConnect
Computer            : linuxuser-VirtualBox
EventRecordID       : 550552
RuleName            : -
UtcTime             : 2022-08-28 14:23:16.866
ProcessGuid         : {5ce29752-61b2-630b-754a-c1f6c6550000}
ProcessId           : 599
Image               : /usr/sbin/NetworkManager
User                : -
Protocol            : tcp
Initiated           : true
SourceIsIpv6        : false
SourceIp            : 10.0.2.15
SourceHostname      : -
SourcePort          : 36686
SourcePortName      : -
DestinationIsIpv6   : false
DestinationIp       : 35.232.111.17
DestinationHostname : -
DestinationPort     : 80
DestinationPortName : -

