EventId             : 3
Version             : 5
EventType           : NetworkConnect
Computer            : linuxuser-VirtualBox
EventRecordID       : 607440
RuleName            : -
UtcTime             : 2022-08-29 12:19:56.030
ProcessGuid         : {5ce29752-ad06-630c-3025-1adf69550000}
ProcessId           : 2757
Image               : /opt/google/chrome/chrome
User                : linuxuser
Protocol            : udp
Initiated           : true
SourceIsIpv6        : false
SourceIp            : 10.0.2.15
SourceHostname      : -
SourcePort          : 40661
SourcePortName      : -
DestinationIsIpv6   : false
DestinationIp       : 239.255.255.250
DestinationHostname : -
DestinationPort     : 1900
DestinationPortName : -

EventId             : 3
Version             : 5
EventType           : NetworkConnect
Computer            : linuxuser-VirtualBox
EventRecordID       : 608008
RuleName            : -
UtcTime             : 2022-08-29 12:20:22.920
ProcessGuid         : {5ce29752-a4cd-630c-9123-5bedb3550000}
ProcessId           : 514
Image               : /usr/lib/systemd/systemd-resolved
User                : systemd-resolve
Protocol            : udp
Initiated           : true
SourceIsIpv6        : false
SourceIp            : 10.0.2.15
SourceHostname      : -
SourcePort          : 54667
SourcePortName      : -
DestinationIsIpv6   : false
DestinationIp       : 193.162.153.164
DestinationHostname : -
DestinationPort     : 53
DestinationPortName : -

EventId             : 3
Version             : 5
EventType           : NetworkConnect
Computer            : linuxuser-VirtualBox
EventRecordID       : 608009
RuleName            : -
UtcTime             : 2022-08-29 12:20:22.948
ProcessGuid         : {5ce29752-a4ce-630c-751a-2a9888550000}
ProcessId           : 558
Image               : /usr/sbin/NetworkManager
User                : root
Protocol            : udp
Initiated           : true
SourceIsIpv6        : false
SourceIp            : 127.0.0.1
SourceHostname      : -
SourcePort          : 47947
SourcePortName      : -
DestinationIsIpv6   : false
DestinationIp       : 127.0.0.53
DestinationHostname : -
DestinationPort     : 53
DestinationPortName : -

EventId             : 3
Version             : 5
EventType           : NetworkConnect
Computer            : linuxuser-VirtualBox
EventRecordID       : 608010
RuleName            : -
UtcTime             : 2022-08-29 12:20:22.950
ProcessGuid         : {5ce29752-a4cd-630c-9123-5bedb3550000}
ProcessId           : 514
Image               : /usr/lib/systemd/systemd-resolved
User                : systemd-resolve
Protocol            : udp
Initiated           : true
SourceIsIpv6        : false
SourceIp            : 10.0.2.15
SourceHostname      : -
SourcePort          : 47919
SourcePortName      : -
DestinationIsIpv6   : false
DestinationIp       : 193.162.153.164
DestinationHostname : -
DestinationPort     : 53
DestinationPortName : -

EventId             : 3
Version             : 5
EventType           : NetworkConnect
Computer            : linuxuser-VirtualBox
EventRecordID       : 608011
RuleName            : -
UtcTime             : 2022-08-29 12:20:22.976
ProcessGuid         : {5ce29752-a4cd-630c-9123-5bedb3550000}
ProcessId           : 514
Image               : /usr/lib/systemd/systemd-resolved
User                : systemd-resolve
Protocol            : udp
Initiated           : true
SourceIsIpv6        : false
SourceIp            : 127.0.0.53
SourceHostname      : -
SourcePort          : 53
SourcePortName      : -
DestinationIsIpv6   : false
DestinationIp       : 127.0.0.1
DestinationHostname : -
DestinationPort     : 47947
DestinationPortName : -

EventId             : 3
Version             : 5
EventType           : NetworkConnect
Computer            : linuxuser-VirtualBox
EventRecordID       : 608012
RuleName            : -
UtcTime             : 2022-08-29 12:20:22.977
ProcessGuid         : {5ce29752-a4ce-630c-751a-2a9888550000}
ProcessId           : 558
Image               : /usr/sbin/NetworkManager
User                : root
Protocol            : udp
Initiated           : false
SourceIsIpv6        : false
SourceIp            : 127.0.0.53
SourceHostname      : -
SourcePort          : 53
SourcePortName      : -
DestinationIsIpv6   : false
DestinationIp       : 127.0.0.1
DestinationHostname : -
DestinationPort     : 39366
DestinationPortName : -

EventId             : 3
Version             : 5
EventType           : NetworkConnect
Computer            : linuxuser-VirtualBox
EventRecordID       : 608013
RuleName            : -
UtcTime             : 2022-08-29 12:20:22.977
ProcessGuid         : {5ce29752-a4ce-630c-751a-2a9888550000}
ProcessId           : 558
Image               : /usr/sbin/NetworkManager
User                : root
Protocol            : udp
Initiated           : true
SourceIsIpv6        : false
SourceIp            : 127.0.0.1
SourceHostname      : -
SourcePort          : 39366
SourcePortName      : -
DestinationIsIpv6   : false
DestinationIp       : 127.0.0.53
DestinationHostname : -
DestinationPort     : 53
DestinationPortName : -

EventId             : 3
Version             : 5
EventType           : NetworkConnect
Computer            : linuxuser-VirtualBox
EventRecordID       : 608014
RuleName            : -
UtcTime             : 2022-08-29 12:20:22.978
ProcessGuid         : {5ce29752-a4cd-630c-9123-5bedb3550000}
ProcessId           : 514
Image               : /usr/lib/systemd/systemd-resolved
User                : systemd-resolve
Protocol            : udp
Initiated           : true
SourceIsIpv6        : false
SourceIp            : 10.0.2.15
SourceHostname      : -
SourcePort          : 57422
SourcePortName      : -
DestinationIsIpv6   : false
DestinationIp       : 193.162.153.164
DestinationHostname : -
DestinationPort     : 53
DestinationPortName : -

EventId             : 3
Version             : 5
EventType           : NetworkConnect
Computer            : linuxuser-VirtualBox
EventRecordID       : 608015
RuleName            : -
UtcTime             : 2022-08-29 12:20:23.021
ProcessGuid         : {5ce29752-a4cd-630c-9123-5bedb3550000}
ProcessId           : 514
Image               : /usr/lib/systemd/systemd-resolved
User                : systemd-resolve
Protocol            : udp
Initiated           : true
SourceIsIpv6        : false
SourceIp            : 127.0.0.53
SourceHostname      : -
SourcePort          : 53
SourcePortName      : -
DestinationIsIpv6   : false
DestinationIp       : 127.0.0.1
DestinationHostname : -
DestinationPort     : 39366
DestinationPortName : -

EventId             : 3
Version             : 5
EventType           : NetworkConnect
Computer            : linuxuser-VirtualBox
EventRecordID       : 622242
RuleName            : -
UtcTime             : 2022-08-29 12:21:56.132
ProcessGuid         : {5ce29752-ad06-630c-3025-1adf69550000}
ProcessId           : 2757
Image               : /opt/google/chrome/chrome
User                : linuxuser
Protocol            : udp
Initiated           : true
SourceIsIpv6        : false
SourceIp            : 10.0.2.15
SourceHostname      : -
SourcePort          : 49448
SourcePortName      : -
DestinationIsIpv6   : false
DestinationIp       : 239.255.255.250
DestinationHostname : -
DestinationPort     : 1900
DestinationPortName : -

EventId             : 3
Version             : 5
EventType           : NetworkConnect
Computer            : linuxuser-VirtualBox
EventRecordID       : 622592
RuleName            : -
UtcTime             : 2022-08-29 12:22:13.838
ProcessGuid         : {5ce29752-a4d4-630c-e56a-8cd616560000}
ProcessId           : 875
Image               : /usr/bin/whoopsie
User                : -
Protocol            : udp
Initiated           : false
SourceIsIpv6        : false
SourceIp            : 127.0.0.53
SourceHostname      : -
SourcePort          : 53
SourcePortName      : -
DestinationIsIpv6   : false
DestinationIp       : 127.0.0.1
DestinationHostname : -
DestinationPort     : 50238
DestinationPortName : -

EventId             : 3
Version             : 5
EventType           : NetworkConnect
Computer            : linuxuser-VirtualBox
EventRecordID       : 622593
RuleName            : -
UtcTime             : 2022-08-29 12:22:13.838
ProcessGuid         : {5ce29752-a4d4-630c-e56a-8cd616560000}
ProcessId           : 875
Image               : /usr/bin/whoopsie
User                : whoopsie
Protocol            : udp
Initiated           : true
SourceIsIpv6        : false
SourceIp            : 127.0.0.1
SourceHostname      : -
SourcePort          : 50238
SourcePortName      : -
DestinationIsIpv6   : false
DestinationIp       : 127.0.0.53
DestinationHostname : -
DestinationPort     : 53
DestinationPortName : -

EventId             : 3
Version             : 5
EventType           : NetworkConnect
Computer            : linuxuser-VirtualBox
EventRecordID       : 622594
RuleName            : -
UtcTime             : 2022-08-29 12:22:13.841
ProcessGuid         : {5ce29752-a4cd-630c-9123-5bedb3550000}
ProcessId           : 514
Image               : /usr/lib/systemd/systemd-resolved
User                : systemd-resolve
Protocol            : udp
Initiated           : true
SourceIsIpv6        : false
SourceIp            : 10.0.2.15
SourceHostname      : -
SourcePort          : 42579
SourcePortName      : -
DestinationIsIpv6   : false
DestinationIp       : 193.162.153.164
DestinationHostname : -
DestinationPort     : 53
DestinationPortName : -

EventId             : 3
Version             : 5
EventType           : NetworkConnect
Computer            : linuxuser-VirtualBox
EventRecordID       : 622595
RuleName            : -
UtcTime             : 2022-08-29 12:22:13.841
ProcessGuid         : {5ce29752-a4cd-630c-9123-5bedb3550000}
ProcessId           : 514
Image               : /usr/lib/systemd/systemd-resolved
User                : systemd-resolve
Protocol            : udp
Initiated           : true
SourceIsIpv6        : false
SourceIp            : 10.0.2.15
SourceHostname      : -
SourcePort          : 35824
SourcePortName      : -
DestinationIsIpv6   : false
DestinationIp       : 193.162.153.164
DestinationHostname : -
DestinationPort     : 53
DestinationPortName : -

EventId             : 3
Version             : 5
EventType           : NetworkConnect
Computer            : linuxuser-VirtualBox
EventRecordID       : 622596
RuleName            : -
UtcTime             : 2022-08-29 12:22:13.866
ProcessGuid         : {5ce29752-a4cd-630c-9123-5bedb3550000}
ProcessId           : 514
Image               : /usr/lib/systemd/systemd-resolved
User                : systemd-resolve
Protocol            : udp
Initiated           : true
SourceIsIpv6        : false
SourceIp            : 127.0.0.53
SourceHostname      : -
SourcePort          : 53
SourcePortName      : -
DestinationIsIpv6   : false
DestinationIp       : 127.0.0.1
DestinationHostname : -
DestinationPort     : 50238
DestinationPortName : -

EventId             : 3
Version             : 5
EventType           : NetworkConnect
Computer            : linuxuser-VirtualBox
EventRecordID       : 622612
RuleName            : -
UtcTime             : 2022-08-29 12:22:14.999
ProcessGuid         : {5ce29752-a4ce-630c-751a-2a9888550000}
ProcessId           : 558
Image               : /usr/sbin/NetworkManager
User                : -
Protocol            : tcp
Initiated           : true
SourceIsIpv6        : false
SourceIp            : 10.0.2.15
SourceHostname      : -
SourcePort          : 37094
SourcePortName      : -
DestinationIsIpv6   : false
DestinationIp       : 34.122.121.32
DestinationHostname : -
DestinationPort     : 80
DestinationPortName : -

EventId             : 3
Version             : 5
EventType           : NetworkConnect
Computer            : linuxuser-VirtualBox
EventRecordID       : 622702
RuleName            : -
UtcTime             : 2022-08-29 12:22:19.838
ProcessGuid         : {5ce29752-a4d4-630c-e56a-8cd616560000}
ProcessId           : 875
Image               : /usr/bin/whoopsie
User                : -
Protocol            : udp
Initiated           : false
SourceIsIpv6        : false
SourceIp            : 127.0.0.53
SourceHostname      : -
SourcePort          : 53
SourcePortName      : -
DestinationIsIpv6   : false
DestinationIp       : 127.0.0.1
DestinationHostname : -
DestinationPort     : 34387
DestinationPortName : -

EventId             : 3
Version             : 5
EventType           : NetworkConnect
Computer            : linuxuser-VirtualBox
EventRecordID       : 622703
RuleName            : -
UtcTime             : 2022-08-29 12:22:19.838
ProcessGuid         : {5ce29752-a4d4-630c-e56a-8cd616560000}
ProcessId           : 875
Image               : /usr/bin/whoopsie
User                : whoopsie
Protocol            : udp
Initiated           : true
SourceIsIpv6        : false
SourceIp            : 127.0.0.1
SourceHostname      : -
SourcePort          : 34387
SourcePortName      : -
DestinationIsIpv6   : false
DestinationIp       : 127.0.0.53
DestinationHostname : -
DestinationPort     : 53
DestinationPortName : -

EventId             : 3
Version             : 5
EventType           : NetworkConnect
Computer            : linuxuser-VirtualBox
EventRecordID       : 622704
RuleName            : -
UtcTime             : 2022-08-29 12:22:19.841
ProcessGuid         : {5ce29752-a4cd-630c-9123-5bedb3550000}
ProcessId           : 514
Image               : /usr/lib/systemd/systemd-resolved
User                : systemd-resolve
Protocol            : udp
Initiated           : true
SourceIsIpv6        : false
SourceIp            : 127.0.0.53
SourceHostname      : -
SourcePort          : 53
SourcePortName      : -
DestinationIsIpv6   : false
DestinationIp       : 127.0.0.1
DestinationHostname : -
DestinationPort     : 34387
DestinationPortName : -

EventId             : 3
Version             : 5
EventType           : NetworkConnect
Computer            : linuxuser-VirtualBox
EventRecordID       : 622705
RuleName            : -
UtcTime             : 2022-08-29 12:22:19.841
ProcessGuid         : {5ce29752-a4cd-630c-9123-5bedb3550000}
ProcessId           : 514
Image               : /usr/lib/systemd/systemd-resolved
User                : systemd-resolve
Protocol            : udp
Initiated           : true
SourceIsIpv6        : false
SourceIp            : 10.0.2.15
SourceHostname      : -
SourcePort          : 60176
SourcePortName      : -
DestinationIsIpv6   : false
DestinationIp       : 193.162.153.164
DestinationHostname : -
DestinationPort     : 53
DestinationPortName : -

EventId             : 3
Version             : 5
EventType           : NetworkConnect
Computer            : linuxuser-VirtualBox
EventRecordID       : 624742
RuleName            : -
UtcTime             : 2022-08-29 12:22:36.839
ProcessGuid         : {5ce29752-a4d4-630c-e56a-8cd616560000}
ProcessId           : 875
Image               : /usr/bin/whoopsie
User                : -
Protocol            : udp
Initiated           : false
SourceIsIpv6        : false
SourceIp            : 127.0.0.53
SourceHostname      : -
SourcePort          : 53
SourcePortName      : -
DestinationIsIpv6   : false
DestinationIp       : 127.0.0.1
DestinationHostname : -
DestinationPort     : 54324
DestinationPortName : -

EventId             : 3
Version             : 5
EventType           : NetworkConnect
Computer            : linuxuser-VirtualBox
EventRecordID       : 624743
RuleName            : -
UtcTime             : 2022-08-29 12:22:36.839
ProcessGuid         : {5ce29752-a4d4-630c-e56a-8cd616560000}
ProcessId           : 875
Image               : /usr/bin/whoopsie
User                : whoopsie
Protocol            : udp
Initiated           : true
SourceIsIpv6        : false
SourceIp            : 127.0.0.1
SourceHostname      : -
SourcePort          : 54324
SourcePortName      : -
DestinationIsIpv6   : false
DestinationIp       : 127.0.0.53
DestinationHostname : -
DestinationPort     : 53
DestinationPortName : -

EventId             : 3
Version             : 5
EventType           : NetworkConnect
Computer            : linuxuser-VirtualBox
EventRecordID       : 624744
RuleName            : -
UtcTime             : 2022-08-29 12:22:36.841
ProcessGuid         : {5ce29752-a4cd-630c-9123-5bedb3550000}
ProcessId           : 514
Image               : /usr/lib/systemd/systemd-resolved
User                : systemd-resolve
Protocol            : udp
Initiated           : true
SourceIsIpv6        : false
SourceIp            : 127.0.0.53
SourceHostname      : -
SourcePort          : 53
SourcePortName      : -
DestinationIsIpv6   : false
DestinationIp       : 127.0.0.1
DestinationHostname : -
DestinationPort     : 54324
DestinationPortName : -

EventId             : 3
Version             : 5
EventType           : NetworkConnect
Computer            : linuxuser-VirtualBox
EventRecordID       : 624745
RuleName            : -
UtcTime             : 2022-08-29 12:22:36.842
ProcessGuid         : {5ce29752-a4cd-630c-9123-5bedb3550000}
ProcessId           : 514
Image               : /usr/lib/systemd/systemd-resolved
User                : systemd-resolve
Protocol            : udp
Initiated           : true
SourceIsIpv6        : false
SourceIp            : 10.0.2.15
SourceHostname      : -
SourcePort          : 58363
SourcePortName      : -
DestinationIsIpv6   : false
DestinationIp       : 193.162.153.164
DestinationHostname : -
DestinationPort     : 53
DestinationPortName : -

EventId             : 3
Version             : 5
EventType           : NetworkConnect
Computer            : linuxuser-VirtualBox
EventRecordID       : 624818
RuleName            : -
UtcTime             : 2022-08-29 12:22:36.993
ProcessGuid         : {5ce29752-a4ce-630c-751a-2a9888550000}
ProcessId           : 558
Image               : /usr/sbin/NetworkManager
User                : root
Protocol            : tcp
Initiated           : true
SourceIsIpv6        : false
SourceIp            : 10.0.2.15
SourceHostname      : -
SourcePort          : 37100
SourcePortName      : -
DestinationIsIpv6   : false
DestinationIp       : 34.122.121.32
DestinationHostname : -
DestinationPort     : 80
DestinationPortName : -

EventId             : 3
Version             : 5
EventType           : NetworkConnect
Computer            : linuxuser-VirtualBox
EventRecordID       : 626488
RuleName            : -
UtcTime             : 2022-08-29 12:22:43.991
ProcessGuid         : {5ce29752-a4ce-630c-751a-2a9888550000}
ProcessId           : 558
Image               : /usr/sbin/NetworkManager
User                : root
Protocol            : tcp
Initiated           : true
SourceIsIpv6        : false
SourceIp            : 10.0.2.15
SourceHostname      : -
SourcePort          : 37104
SourcePortName      : -
DestinationIsIpv6   : false
DestinationIp       : 34.122.121.32
DestinationHostname : -
DestinationPort     : 80
DestinationPortName : -

EventId             : 3
Version             : 5
EventType           : NetworkConnect
Computer            : linuxuser-VirtualBox
EventRecordID       : 626689
RuleName            : -
UtcTime             : 2022-08-29 12:22:50.975
ProcessGuid         : {5ce29752-a4ce-630c-751a-2a9888550000}
ProcessId           : 558
Image               : /usr/sbin/NetworkManager
User                : root
Protocol            : tcp
Initiated           : true
SourceIsIpv6        : false
SourceIp            : 10.0.2.15
SourceHostname      : -
SourcePort          : 37106
SourcePortName      : -
DestinationIsIpv6   : false
DestinationIp       : 34.122.121.32
DestinationHostname : -
DestinationPort     : 80
DestinationPortName : -

EventId             : 3
Version             : 5
EventType           : NetworkConnect
Computer            : linuxuser-VirtualBox
EventRecordID       : 626745
RuleName            : -
UtcTime             : 2022-08-29 12:22:52.838
ProcessGuid         : {5ce29752-a4d4-630c-e56a-8cd616560000}
ProcessId           : 875
Image               : /usr/bin/whoopsie
User                : whoopsie
Protocol            : udp
Initiated           : false
SourceIsIpv6        : false
SourceIp            : 127.0.0.53
SourceHostname      : -
SourcePort          : 53
SourcePortName      : -
DestinationIsIpv6   : false
DestinationIp       : 127.0.0.1
DestinationHostname : -
DestinationPort     : 47451
DestinationPortName : -

EventId             : 3
Version             : 5
EventType           : NetworkConnect
Computer            : linuxuser-VirtualBox
EventRecordID       : 626746
RuleName            : -
UtcTime             : 2022-08-29 12:22:52.839
ProcessGuid         : {5ce29752-a4d4-630c-e56a-8cd616560000}
ProcessId           : 875
Image               : /usr/bin/whoopsie
User                : whoopsie
Protocol            : udp
Initiated           : true
SourceIsIpv6        : false
SourceIp            : 127.0.0.1
SourceHostname      : -
SourcePort          : 47451
SourcePortName      : -
DestinationIsIpv6   : false
DestinationIp       : 127.0.0.53
DestinationHostname : -
DestinationPort     : 53
DestinationPortName : -

EventId             : 3
Version             : 5
EventType           : NetworkConnect
Computer            : linuxuser-VirtualBox
EventRecordID       : 626747
RuleName            : -
UtcTime             : 2022-08-29 12:22:52.840
ProcessGuid         : {5ce29752-a4cd-630c-9123-5bedb3550000}
ProcessId           : 514
Image               : /usr/lib/systemd/systemd-resolved
User                : systemd-resolve
Protocol            : udp
Initiated           : true
SourceIsIpv6        : false
SourceIp            : 127.0.0.53
SourceHostname      : -
SourcePort          : 53
SourcePortName      : -
DestinationIsIpv6   : false
DestinationIp       : 127.0.0.1
DestinationHostname : -
DestinationPort     : 47451
DestinationPortName : -

EventId             : 3
Version             : 5
EventType           : NetworkConnect
Computer            : linuxuser-VirtualBox
EventRecordID       : 626748
RuleName            : -
UtcTime             : 2022-08-29 12:22:52.840
ProcessGuid         : {5ce29752-a4cd-630c-9123-5bedb3550000}
ProcessId           : 514
Image               : /usr/lib/systemd/systemd-resolved
User                : systemd-resolve
Protocol            : udp
Initiated           : true
SourceIsIpv6        : false
SourceIp            : 10.0.2.15
SourceHostname      : -
SourcePort          : 37397
SourcePortName      : -
DestinationIsIpv6   : false
DestinationIp       : 193.162.153.164
DestinationHostname : -
DestinationPort     : 53
DestinationPortName : -


PS /home/linuxuser> 



               