EventId           : 1
Version           : 5
EventType         : ProcessCreate
Computer          : linuxuser-VirtualBox
EventRecordID     : 547410
RuleName          : -
UtcTime           : 2022-08-28 12:42:48.305
ProcessGuid       : {5ce29752-62c8-630b-d546-1c7272550000}
ProcessId         : 2423
Image             : /usr/bin/bash
FileVersion       : -
Description       : -
Product           : -
Company           : -
OriginalFileName  : -
CommandLine       : bash
CurrentDirectory  : /home/linuxuser
User              : linuxuser
LogonGuid         : {5ce29752-0000-0000-e803-000002000000}
LogonId           : 1000
TerminalSessionId : 3
IntegrityLevel    : no level
Hashes            : -
ParentProcessGuid : {00000000-0000-0000-0000-000000000000}
ParentProcessId   : 2036
ParentImage       : -
ParentCommandLine : -
ParentUser        : -

EventId           : 1
Version           : 5
EventType         : ProcessCreate
Computer          : linuxuser-VirtualBox
EventRecordID     : 547411
RuleName          : -
UtcTime           : 2022-08-28 12:42:48.322
ProcessGuid       : {5ce29752-62c8-630b-f577-214fd6550000}
ProcessId         : 2424
Image             : /usr/bin/dash
FileVersion       : -
Description       : -
Product           : -
Company           : -
OriginalFileName  : -
CommandLine       : /bin/sh /usr/bin/lesspipe
CurrentDirectory  : /home/linuxuser
User              : linuxuser
LogonGuid         : {5ce29752-0000-0000-e803-000002000000}
LogonId           : 1000
TerminalSessionId : 3
IntegrityLevel    : no level
Hashes            : -
ParentProcessGuid : {5ce29752-62c8-630b-d546-1c7272550000}
ParentProcessId   : 2423
ParentImage       : /usr/bin/bash
ParentCommandLine : bash
ParentUser        : linuxuser

EventId           : 1
Version           : 5
EventType         : ProcessCreate
Computer          : linuxuser-VirtualBox
EventRecordID     : 547412
RuleName          : -
UtcTime           : 2022-08-28 12:42:48.326
ProcessGuid       : {5ce29752-62c8-630b-71f9-fae547560000}
ProcessId         : 2425
Image             : /usr/bin/basename
FileVersion       : -
Description       : -
Product           : -
Company           : -
OriginalFileName  : -
CommandLine       : basename /usr/bin/lesspipe
CurrentDirectory  : /home/linuxuser
User              : linuxuser
LogonGuid         : {5ce29752-0000-0000-e803-000002000000}
LogonId           : 1000
TerminalSessionId : 3
IntegrityLevel    : no level
Hashes            : -
ParentProcessGuid : {5ce29752-62c8-630b-f577-214fd6550000}
ParentProcessId   : 2424
ParentImage       : /usr/bin/dash
ParentCommandLine : /bin/sh
ParentUser        : linuxuser

EventId           : 1
Version           : 5
EventType         : ProcessCreate
Computer          : linuxuser-VirtualBox
EventRecordID     : 547414
RuleName          : -
UtcTime           : 2022-08-28 12:42:48.336
ProcessGuid       : {5ce29752-62c8-630b-3188-d3acde550000}
ProcessId         : 2427
Image             : /usr/bin/dirname
FileVersion       : -
Description       : -
Product           : -
Company           : -
OriginalFileName  : -
CommandLine       : dirname /usr/bin/lesspipe
CurrentDirectory  : /home/linuxuser
User              : linuxuser
LogonGuid         : {5ce29752-0000-0000-e803-000002000000}
LogonId           : 1000
TerminalSessionId : 3
IntegrityLevel    : no level
Hashes            : -
ParentProcessGuid : {00000000-0000-0000-0000-000000000000}
ParentProcessId   : 2426
ParentImage       : -
ParentCommandLine : -
ParentUser        : -

EventId           : 1
Version           : 5
EventType         : ProcessCreate
Computer          : linuxuser-VirtualBox
EventRecordID     : 547418
RuleName          : -
UtcTime           : 2022-08-28 12:42:48.350
ProcessGuid       : {5ce29752-62c8-630b-31a9-9beb44560000}
ProcessId         : 2428
Image             : /usr/bin/dircolors
FileVersion       : -
Description       : -
Product           : -
Company           : -
OriginalFileName  : -
CommandLine       : dircolors -b
CurrentDirectory  : /home/linuxuser
User              : linuxuser
LogonGuid         : {5ce29752-0000-0000-e803-000002000000}
LogonId           : 1000
TerminalSessionId : 3
IntegrityLevel    : no level
Hashes            : -
ParentProcessGuid : {5ce29752-62c8-630b-d546-1c7272550000}
ParentProcessId   : 2423
ParentImage       : /usr/bin/bash
ParentCommandLine : bash
ParentUser        : linuxuser

EventId           : 1
Version           : 5
EventType         : ProcessCreate
Computer          : linuxuser-VirtualBox
EventRecordID     : 547420
RuleName          : -
UtcTime           : 2022-08-28 12:42:50.477
ProcessGuid       : {5ce29752-62ca-630b-bd3d-59b597550000}
ProcessId         : 2429
Image             : /opt/microsoft/powershell/7/pwsh
FileVersion       : -
Description       : -
Product           : -
Company           : -
OriginalFileName  : -
CommandLine       : pwsh
CurrentDirectory  : /home/linuxuser
User              : linuxuser
LogonGuid         : {5ce29752-0000-0000-e803-000002000000}
LogonId           : 1000
TerminalSessionId : 3
IntegrityLevel    : no level
Hashes            : -
ParentProcessGuid : {5ce29752-62c8-630b-d546-1c7272550000}
ParentProcessId   : 2423
ParentImage       : /usr/bin/bash
ParentCommandLine : bash
ParentUser        : linuxuser


PS /home/linuxuser> 

